[2022-12-07T10:50:15.050+0000] {processor.py:153} INFO - Started process (PID=68) to work on /home/airflow/.local/lib/python3.7/site-packages/airflow/example_dags/example_short_circuit_decorator.py
[2022-12-07T10:50:15.051+0000] {processor.py:743} INFO - Processing file /home/airflow/.local/lib/python3.7/site-packages/airflow/example_dags/example_short_circuit_decorator.py for tasks to queue
[2022-12-07T10:50:15.052+0000] {logging_mixin.py:137} INFO - [2022-12-07T10:50:15.052+0000] {dagbag.py:538} INFO - Filling up the DagBag from /home/airflow/.local/lib/python3.7/site-packages/airflow/example_dags/example_short_circuit_decorator.py
[2022-12-07T10:50:15.092+0000] {processor.py:753} INFO - DAG(s) dict_keys(['example_short_circuit_decorator']) retrieved from /home/airflow/.local/lib/python3.7/site-packages/airflow/example_dags/example_short_circuit_decorator.py
[2022-12-07T10:50:15.161+0000] {logging_mixin.py:137} INFO - [2022-12-07T10:50:15.161+0000] {dag.py:2676} INFO - Sync 1 DAGs
[2022-12-07T10:50:15.213+0000] {logging_mixin.py:137} INFO - [2022-12-07T10:50:15.213+0000] {dag.py:3427} INFO - Setting next_dagrun for example_short_circuit_decorator to 2022-12-06T10:50:15.212743+00:00, run_after=2022-12-07T10:50:15.212743+00:00
[2022-12-07T10:50:15.268+0000] {processor.py:175} INFO - Processing /home/airflow/.local/lib/python3.7/site-packages/airflow/example_dags/example_short_circuit_decorator.py took 0.222 seconds
[2022-12-07T10:50:46.285+0000] {processor.py:153} INFO - Started process (PID=130) to work on /home/airflow/.local/lib/python3.7/site-packages/airflow/example_dags/example_short_circuit_decorator.py
[2022-12-07T10:50:46.285+0000] {processor.py:743} INFO - Processing file /home/airflow/.local/lib/python3.7/site-packages/airflow/example_dags/example_short_circuit_decorator.py for tasks to queue
[2022-12-07T10:50:46.286+0000] {logging_mixin.py:137} INFO - [2022-12-07T10:50:46.286+0000] {dagbag.py:538} INFO - Filling up the DagBag from /home/airflow/.local/lib/python3.7/site-packages/airflow/example_dags/example_short_circuit_decorator.py
[2022-12-07T10:50:46.327+0000] {processor.py:753} INFO - DAG(s) dict_keys(['example_short_circuit_decorator']) retrieved from /home/airflow/.local/lib/python3.7/site-packages/airflow/example_dags/example_short_circuit_decorator.py
[2022-12-07T10:50:46.385+0000] {logging_mixin.py:137} INFO - [2022-12-07T10:50:46.384+0000] {dag.py:2676} INFO - Sync 1 DAGs
[2022-12-07T10:50:46.431+0000] {logging_mixin.py:137} INFO - [2022-12-07T10:50:46.431+0000] {dag.py:3427} INFO - Setting next_dagrun for example_short_circuit_decorator to 2022-12-06T10:50:46.431060+00:00, run_after=2022-12-07T10:50:46.431060+00:00
[2022-12-07T10:50:46.461+0000] {processor.py:175} INFO - Processing /home/airflow/.local/lib/python3.7/site-packages/airflow/example_dags/example_short_circuit_decorator.py took 0.180 seconds
[2022-12-07T10:51:16.540+0000] {processor.py:153} INFO - Started process (PID=206) to work on /home/airflow/.local/lib/python3.7/site-packages/airflow/example_dags/example_short_circuit_decorator.py
[2022-12-07T10:51:16.542+0000] {processor.py:743} INFO - Processing file /home/airflow/.local/lib/python3.7/site-packages/airflow/example_dags/example_short_circuit_decorator.py for tasks to queue
[2022-12-07T10:51:16.543+0000] {logging_mixin.py:137} INFO - [2022-12-07T10:51:16.543+0000] {dagbag.py:538} INFO - Filling up the DagBag from /home/airflow/.local/lib/python3.7/site-packages/airflow/example_dags/example_short_circuit_decorator.py
[2022-12-07T10:51:16.584+0000] {processor.py:753} INFO - DAG(s) dict_keys(['example_short_circuit_decorator']) retrieved from /home/airflow/.local/lib/python3.7/site-packages/airflow/example_dags/example_short_circuit_decorator.py
[2022-12-07T10:51:16.643+0000] {logging_mixin.py:137} INFO - [2022-12-07T10:51:16.643+0000] {dag.py:2676} INFO - Sync 1 DAGs
[2022-12-07T10:51:16.694+0000] {logging_mixin.py:137} INFO - [2022-12-07T10:51:16.693+0000] {dag.py:3427} INFO - Setting next_dagrun for example_short_circuit_decorator to 2022-12-06T10:51:16.693559+00:00, run_after=2022-12-07T10:51:16.693559+00:00
[2022-12-07T10:51:16.726+0000] {processor.py:175} INFO - Processing /home/airflow/.local/lib/python3.7/site-packages/airflow/example_dags/example_short_circuit_decorator.py took 0.190 seconds
[2022-12-07T10:51:47.057+0000] {processor.py:153} INFO - Started process (PID=269) to work on /home/airflow/.local/lib/python3.7/site-packages/airflow/example_dags/example_short_circuit_decorator.py
[2022-12-07T10:51:47.058+0000] {processor.py:743} INFO - Processing file /home/airflow/.local/lib/python3.7/site-packages/airflow/example_dags/example_short_circuit_decorator.py for tasks to queue
[2022-12-07T10:51:47.058+0000] {logging_mixin.py:137} INFO - [2022-12-07T10:51:47.058+0000] {dagbag.py:538} INFO - Filling up the DagBag from /home/airflow/.local/lib/python3.7/site-packages/airflow/example_dags/example_short_circuit_decorator.py
[2022-12-07T10:51:47.085+0000] {processor.py:753} INFO - DAG(s) dict_keys(['example_short_circuit_decorator']) retrieved from /home/airflow/.local/lib/python3.7/site-packages/airflow/example_dags/example_short_circuit_decorator.py
[2022-12-07T10:51:47.130+0000] {logging_mixin.py:137} INFO - [2022-12-07T10:51:47.130+0000] {dag.py:2676} INFO - Sync 1 DAGs
[2022-12-07T10:51:47.159+0000] {logging_mixin.py:137} INFO - [2022-12-07T10:51:47.159+0000] {dag.py:3427} INFO - Setting next_dagrun for example_short_circuit_decorator to 2022-12-06T10:51:47.159039+00:00, run_after=2022-12-07T10:51:47.159039+00:00
[2022-12-07T10:51:47.190+0000] {processor.py:175} INFO - Processing /home/airflow/.local/lib/python3.7/site-packages/airflow/example_dags/example_short_circuit_decorator.py took 0.136 seconds
