[2022-12-07T10:50:14.770+0000] {processor.py:153} INFO - Started process (PID=67) to work on /home/airflow/.local/lib/python3.7/site-packages/airflow/example_dags/example_bash_operator.py
[2022-12-07T10:50:14.771+0000] {processor.py:743} INFO - Processing file /home/airflow/.local/lib/python3.7/site-packages/airflow/example_dags/example_bash_operator.py for tasks to queue
[2022-12-07T10:50:14.772+0000] {logging_mixin.py:137} INFO - [2022-12-07T10:50:14.772+0000] {dagbag.py:538} INFO - Filling up the DagBag from /home/airflow/.local/lib/python3.7/site-packages/airflow/example_dags/example_bash_operator.py
[2022-12-07T10:50:14.800+0000] {processor.py:753} INFO - DAG(s) dict_keys(['example_bash_operator']) retrieved from /home/airflow/.local/lib/python3.7/site-packages/airflow/example_dags/example_bash_operator.py
[2022-12-07T10:50:14.871+0000] {logging_mixin.py:137} INFO - [2022-12-07T10:50:14.871+0000] {dag.py:2676} INFO - Sync 1 DAGs
[2022-12-07T10:50:14.960+0000] {logging_mixin.py:137} INFO - [2022-12-07T10:50:14.960+0000] {dag.py:3427} INFO - Setting next_dagrun for example_bash_operator to 2022-12-06T00:00:00+00:00, run_after=2022-12-07T00:00:00+00:00
[2022-12-07T10:50:15.020+0000] {processor.py:175} INFO - Processing /home/airflow/.local/lib/python3.7/site-packages/airflow/example_dags/example_bash_operator.py took 0.254 seconds
[2022-12-07T10:50:45.103+0000] {processor.py:153} INFO - Started process (PID=129) to work on /home/airflow/.local/lib/python3.7/site-packages/airflow/example_dags/example_bash_operator.py
[2022-12-07T10:50:45.104+0000] {processor.py:743} INFO - Processing file /home/airflow/.local/lib/python3.7/site-packages/airflow/example_dags/example_bash_operator.py for tasks to queue
[2022-12-07T10:50:45.105+0000] {logging_mixin.py:137} INFO - [2022-12-07T10:50:45.105+0000] {dagbag.py:538} INFO - Filling up the DagBag from /home/airflow/.local/lib/python3.7/site-packages/airflow/example_dags/example_bash_operator.py
[2022-12-07T10:50:45.125+0000] {processor.py:753} INFO - DAG(s) dict_keys(['example_bash_operator']) retrieved from /home/airflow/.local/lib/python3.7/site-packages/airflow/example_dags/example_bash_operator.py
[2022-12-07T10:50:45.175+0000] {logging_mixin.py:137} INFO - [2022-12-07T10:50:45.175+0000] {dag.py:2676} INFO - Sync 1 DAGs
[2022-12-07T10:50:45.220+0000] {logging_mixin.py:137} INFO - [2022-12-07T10:50:45.219+0000] {dag.py:3427} INFO - Setting next_dagrun for example_bash_operator to 2022-12-06T00:00:00+00:00, run_after=2022-12-07T00:00:00+00:00
[2022-12-07T10:50:45.253+0000] {processor.py:175} INFO - Processing /home/airflow/.local/lib/python3.7/site-packages/airflow/example_dags/example_bash_operator.py took 0.153 seconds
[2022-12-07T10:51:16.522+0000] {processor.py:153} INFO - Started process (PID=205) to work on /home/airflow/.local/lib/python3.7/site-packages/airflow/example_dags/example_bash_operator.py
[2022-12-07T10:51:16.524+0000] {processor.py:743} INFO - Processing file /home/airflow/.local/lib/python3.7/site-packages/airflow/example_dags/example_bash_operator.py for tasks to queue
[2022-12-07T10:51:16.525+0000] {logging_mixin.py:137} INFO - [2022-12-07T10:51:16.525+0000] {dagbag.py:538} INFO - Filling up the DagBag from /home/airflow/.local/lib/python3.7/site-packages/airflow/example_dags/example_bash_operator.py
[2022-12-07T10:51:16.550+0000] {processor.py:753} INFO - DAG(s) dict_keys(['example_bash_operator']) retrieved from /home/airflow/.local/lib/python3.7/site-packages/airflow/example_dags/example_bash_operator.py
[2022-12-07T10:51:16.611+0000] {logging_mixin.py:137} INFO - [2022-12-07T10:51:16.611+0000] {dag.py:2676} INFO - Sync 1 DAGs
[2022-12-07T10:51:16.648+0000] {logging_mixin.py:137} INFO - [2022-12-07T10:51:16.648+0000] {dag.py:3427} INFO - Setting next_dagrun for example_bash_operator to 2022-12-06T00:00:00+00:00, run_after=2022-12-07T00:00:00+00:00
[2022-12-07T10:51:16.677+0000] {processor.py:175} INFO - Processing /home/airflow/.local/lib/python3.7/site-packages/airflow/example_dags/example_bash_operator.py took 0.158 seconds
[2022-12-07T10:51:46.960+0000] {processor.py:153} INFO - Started process (PID=268) to work on /home/airflow/.local/lib/python3.7/site-packages/airflow/example_dags/example_bash_operator.py
[2022-12-07T10:51:46.961+0000] {processor.py:743} INFO - Processing file /home/airflow/.local/lib/python3.7/site-packages/airflow/example_dags/example_bash_operator.py for tasks to queue
[2022-12-07T10:51:46.961+0000] {logging_mixin.py:137} INFO - [2022-12-07T10:51:46.961+0000] {dagbag.py:538} INFO - Filling up the DagBag from /home/airflow/.local/lib/python3.7/site-packages/airflow/example_dags/example_bash_operator.py
[2022-12-07T10:51:46.981+0000] {processor.py:753} INFO - DAG(s) dict_keys(['example_bash_operator']) retrieved from /home/airflow/.local/lib/python3.7/site-packages/airflow/example_dags/example_bash_operator.py
[2022-12-07T10:51:47.024+0000] {logging_mixin.py:137} INFO - [2022-12-07T10:51:47.024+0000] {dag.py:2676} INFO - Sync 1 DAGs
[2022-12-07T10:51:47.056+0000] {logging_mixin.py:137} INFO - [2022-12-07T10:51:47.056+0000] {dag.py:3427} INFO - Setting next_dagrun for example_bash_operator to 2022-12-06T00:00:00+00:00, run_after=2022-12-07T00:00:00+00:00
[2022-12-07T10:51:47.082+0000] {processor.py:175} INFO - Processing /home/airflow/.local/lib/python3.7/site-packages/airflow/example_dags/example_bash_operator.py took 0.125 seconds
