[2022-12-07T10:50:14.054+0000] {processor.py:153} INFO - Started process (PID=62) to work on /home/airflow/.local/lib/python3.7/site-packages/airflow/example_dags/example_branch_labels.py
[2022-12-07T10:50:14.055+0000] {processor.py:743} INFO - Processing file /home/airflow/.local/lib/python3.7/site-packages/airflow/example_dags/example_branch_labels.py for tasks to queue
[2022-12-07T10:50:14.056+0000] {logging_mixin.py:137} INFO - [2022-12-07T10:50:14.055+0000] {dagbag.py:538} INFO - Filling up the DagBag from /home/airflow/.local/lib/python3.7/site-packages/airflow/example_dags/example_branch_labels.py
[2022-12-07T10:50:14.078+0000] {processor.py:753} INFO - DAG(s) dict_keys(['example_branch_labels']) retrieved from /home/airflow/.local/lib/python3.7/site-packages/airflow/example_dags/example_branch_labels.py
[2022-12-07T10:50:14.146+0000] {logging_mixin.py:137} INFO - [2022-12-07T10:50:14.145+0000] {dag.py:2676} INFO - Sync 1 DAGs
[2022-12-07T10:50:14.205+0000] {logging_mixin.py:137} INFO - [2022-12-07T10:50:14.205+0000] {dag.py:3427} INFO - Setting next_dagrun for example_branch_labels to 2022-12-06T00:00:00+00:00, run_after=2022-12-07T00:00:00+00:00
[2022-12-07T10:50:14.252+0000] {processor.py:175} INFO - Processing /home/airflow/.local/lib/python3.7/site-packages/airflow/example_dags/example_branch_labels.py took 0.202 seconds
[2022-12-07T10:50:44.648+0000] {processor.py:153} INFO - Started process (PID=124) to work on /home/airflow/.local/lib/python3.7/site-packages/airflow/example_dags/example_branch_labels.py
[2022-12-07T10:50:44.653+0000] {processor.py:743} INFO - Processing file /home/airflow/.local/lib/python3.7/site-packages/airflow/example_dags/example_branch_labels.py for tasks to queue
[2022-12-07T10:50:44.654+0000] {logging_mixin.py:137} INFO - [2022-12-07T10:50:44.654+0000] {dagbag.py:538} INFO - Filling up the DagBag from /home/airflow/.local/lib/python3.7/site-packages/airflow/example_dags/example_branch_labels.py
[2022-12-07T10:50:44.672+0000] {processor.py:753} INFO - DAG(s) dict_keys(['example_branch_labels']) retrieved from /home/airflow/.local/lib/python3.7/site-packages/airflow/example_dags/example_branch_labels.py
[2022-12-07T10:50:44.713+0000] {logging_mixin.py:137} INFO - [2022-12-07T10:50:44.712+0000] {dag.py:2676} INFO - Sync 1 DAGs
[2022-12-07T10:50:44.745+0000] {logging_mixin.py:137} INFO - [2022-12-07T10:50:44.745+0000] {dag.py:3427} INFO - Setting next_dagrun for example_branch_labels to 2022-12-06T00:00:00+00:00, run_after=2022-12-07T00:00:00+00:00
[2022-12-07T10:50:44.775+0000] {processor.py:175} INFO - Processing /home/airflow/.local/lib/python3.7/site-packages/airflow/example_dags/example_branch_labels.py took 0.129 seconds
[2022-12-07T10:51:15.963+0000] {processor.py:153} INFO - Started process (PID=200) to work on /home/airflow/.local/lib/python3.7/site-packages/airflow/example_dags/example_branch_labels.py
[2022-12-07T10:51:15.969+0000] {processor.py:743} INFO - Processing file /home/airflow/.local/lib/python3.7/site-packages/airflow/example_dags/example_branch_labels.py for tasks to queue
[2022-12-07T10:51:15.970+0000] {logging_mixin.py:137} INFO - [2022-12-07T10:51:15.970+0000] {dagbag.py:538} INFO - Filling up the DagBag from /home/airflow/.local/lib/python3.7/site-packages/airflow/example_dags/example_branch_labels.py
[2022-12-07T10:51:15.996+0000] {processor.py:753} INFO - DAG(s) dict_keys(['example_branch_labels']) retrieved from /home/airflow/.local/lib/python3.7/site-packages/airflow/example_dags/example_branch_labels.py
[2022-12-07T10:51:16.054+0000] {logging_mixin.py:137} INFO - [2022-12-07T10:51:16.054+0000] {dag.py:2676} INFO - Sync 1 DAGs
[2022-12-07T10:51:16.107+0000] {logging_mixin.py:137} INFO - [2022-12-07T10:51:16.107+0000] {dag.py:3427} INFO - Setting next_dagrun for example_branch_labels to 2022-12-06T00:00:00+00:00, run_after=2022-12-07T00:00:00+00:00
[2022-12-07T10:51:16.147+0000] {processor.py:175} INFO - Processing /home/airflow/.local/lib/python3.7/site-packages/airflow/example_dags/example_branch_labels.py took 0.188 seconds
[2022-12-07T10:51:46.569+0000] {processor.py:153} INFO - Started process (PID=263) to work on /home/airflow/.local/lib/python3.7/site-packages/airflow/example_dags/example_branch_labels.py
[2022-12-07T10:51:46.569+0000] {processor.py:743} INFO - Processing file /home/airflow/.local/lib/python3.7/site-packages/airflow/example_dags/example_branch_labels.py for tasks to queue
[2022-12-07T10:51:46.570+0000] {logging_mixin.py:137} INFO - [2022-12-07T10:51:46.570+0000] {dagbag.py:538} INFO - Filling up the DagBag from /home/airflow/.local/lib/python3.7/site-packages/airflow/example_dags/example_branch_labels.py
[2022-12-07T10:51:46.586+0000] {processor.py:753} INFO - DAG(s) dict_keys(['example_branch_labels']) retrieved from /home/airflow/.local/lib/python3.7/site-packages/airflow/example_dags/example_branch_labels.py
[2022-12-07T10:51:46.631+0000] {logging_mixin.py:137} INFO - [2022-12-07T10:51:46.631+0000] {dag.py:2676} INFO - Sync 1 DAGs
[2022-12-07T10:51:46.667+0000] {logging_mixin.py:137} INFO - [2022-12-07T10:51:46.666+0000] {dag.py:3427} INFO - Setting next_dagrun for example_branch_labels to 2022-12-06T00:00:00+00:00, run_after=2022-12-07T00:00:00+00:00
[2022-12-07T10:51:46.699+0000] {processor.py:175} INFO - Processing /home/airflow/.local/lib/python3.7/site-packages/airflow/example_dags/example_branch_labels.py took 0.135 seconds
