[2022-12-07T10:50:15.653+0000] {processor.py:153} INFO - Started process (PID=73) to work on /home/airflow/.local/lib/python3.7/site-packages/airflow/example_dags/example_branch_datetime_operator.py
[2022-12-07T10:50:15.658+0000] {processor.py:743} INFO - Processing file /home/airflow/.local/lib/python3.7/site-packages/airflow/example_dags/example_branch_datetime_operator.py for tasks to queue
[2022-12-07T10:50:15.659+0000] {logging_mixin.py:137} INFO - [2022-12-07T10:50:15.659+0000] {dagbag.py:538} INFO - Filling up the DagBag from /home/airflow/.local/lib/python3.7/site-packages/airflow/example_dags/example_branch_datetime_operator.py
[2022-12-07T10:50:15.695+0000] {processor.py:753} INFO - DAG(s) dict_keys(['example_branch_datetime_operator_2', 'example_branch_datetime_operator_3', 'example_branch_datetime_operator']) retrieved from /home/airflow/.local/lib/python3.7/site-packages/airflow/example_dags/example_branch_datetime_operator.py
[2022-12-07T10:50:15.778+0000] {logging_mixin.py:137} INFO - [2022-12-07T10:50:15.778+0000] {dag.py:2676} INFO - Sync 3 DAGs
[2022-12-07T10:50:15.862+0000] {logging_mixin.py:137} INFO - [2022-12-07T10:50:15.862+0000] {dag.py:3427} INFO - Setting next_dagrun for example_branch_datetime_operator to 2022-12-06T00:00:00+00:00, run_after=2022-12-07T00:00:00+00:00
[2022-12-07T10:50:15.880+0000] {logging_mixin.py:137} INFO - [2022-12-07T10:50:15.880+0000] {dag.py:3427} INFO - Setting next_dagrun for example_branch_datetime_operator_2 to 2022-12-06T00:00:00+00:00, run_after=2022-12-07T00:00:00+00:00
[2022-12-07T10:50:15.889+0000] {logging_mixin.py:137} INFO - [2022-12-07T10:50:15.889+0000] {dag.py:3427} INFO - Setting next_dagrun for example_branch_datetime_operator_3 to 2022-12-06T00:00:00+00:00, run_after=2022-12-07T00:00:00+00:00
[2022-12-07T10:50:15.936+0000] {processor.py:175} INFO - Processing /home/airflow/.local/lib/python3.7/site-packages/airflow/example_dags/example_branch_datetime_operator.py took 0.287 seconds
[2022-12-07T10:50:46.760+0000] {processor.py:153} INFO - Started process (PID=135) to work on /home/airflow/.local/lib/python3.7/site-packages/airflow/example_dags/example_branch_datetime_operator.py
[2022-12-07T10:50:46.761+0000] {processor.py:743} INFO - Processing file /home/airflow/.local/lib/python3.7/site-packages/airflow/example_dags/example_branch_datetime_operator.py for tasks to queue
[2022-12-07T10:50:46.762+0000] {logging_mixin.py:137} INFO - [2022-12-07T10:50:46.762+0000] {dagbag.py:538} INFO - Filling up the DagBag from /home/airflow/.local/lib/python3.7/site-packages/airflow/example_dags/example_branch_datetime_operator.py
[2022-12-07T10:50:46.789+0000] {processor.py:753} INFO - DAG(s) dict_keys(['example_branch_datetime_operator_2', 'example_branch_datetime_operator', 'example_branch_datetime_operator_3']) retrieved from /home/airflow/.local/lib/python3.7/site-packages/airflow/example_dags/example_branch_datetime_operator.py
[2022-12-07T10:50:46.858+0000] {logging_mixin.py:137} INFO - [2022-12-07T10:50:46.857+0000] {dag.py:2676} INFO - Sync 3 DAGs
[2022-12-07T10:50:46.905+0000] {logging_mixin.py:137} INFO - [2022-12-07T10:50:46.905+0000] {dag.py:3427} INFO - Setting next_dagrun for example_branch_datetime_operator to 2022-12-06T00:00:00+00:00, run_after=2022-12-07T00:00:00+00:00
[2022-12-07T10:50:46.914+0000] {logging_mixin.py:137} INFO - [2022-12-07T10:50:46.914+0000] {dag.py:3427} INFO - Setting next_dagrun for example_branch_datetime_operator_2 to 2022-12-06T00:00:00+00:00, run_after=2022-12-07T00:00:00+00:00
[2022-12-07T10:50:46.919+0000] {logging_mixin.py:137} INFO - [2022-12-07T10:50:46.919+0000] {dag.py:3427} INFO - Setting next_dagrun for example_branch_datetime_operator_3 to 2022-12-06T00:00:00+00:00, run_after=2022-12-07T00:00:00+00:00
[2022-12-07T10:50:46.967+0000] {processor.py:175} INFO - Processing /home/airflow/.local/lib/python3.7/site-packages/airflow/example_dags/example_branch_datetime_operator.py took 0.211 seconds
[2022-12-07T10:51:17.098+0000] {processor.py:153} INFO - Started process (PID=211) to work on /home/airflow/.local/lib/python3.7/site-packages/airflow/example_dags/example_branch_datetime_operator.py
[2022-12-07T10:51:17.100+0000] {processor.py:743} INFO - Processing file /home/airflow/.local/lib/python3.7/site-packages/airflow/example_dags/example_branch_datetime_operator.py for tasks to queue
[2022-12-07T10:51:17.101+0000] {logging_mixin.py:137} INFO - [2022-12-07T10:51:17.101+0000] {dagbag.py:538} INFO - Filling up the DagBag from /home/airflow/.local/lib/python3.7/site-packages/airflow/example_dags/example_branch_datetime_operator.py
[2022-12-07T10:51:17.124+0000] {processor.py:753} INFO - DAG(s) dict_keys(['example_branch_datetime_operator_2', 'example_branch_datetime_operator', 'example_branch_datetime_operator_3']) retrieved from /home/airflow/.local/lib/python3.7/site-packages/airflow/example_dags/example_branch_datetime_operator.py
[2022-12-07T10:51:17.190+0000] {logging_mixin.py:137} INFO - [2022-12-07T10:51:17.189+0000] {dag.py:2676} INFO - Sync 3 DAGs
[2022-12-07T10:51:17.243+0000] {logging_mixin.py:137} INFO - [2022-12-07T10:51:17.242+0000] {dag.py:3427} INFO - Setting next_dagrun for example_branch_datetime_operator to 2022-12-06T00:00:00+00:00, run_after=2022-12-07T00:00:00+00:00
[2022-12-07T10:51:17.251+0000] {logging_mixin.py:137} INFO - [2022-12-07T10:51:17.251+0000] {dag.py:3427} INFO - Setting next_dagrun for example_branch_datetime_operator_2 to 2022-12-06T00:00:00+00:00, run_after=2022-12-07T00:00:00+00:00
[2022-12-07T10:51:17.256+0000] {logging_mixin.py:137} INFO - [2022-12-07T10:51:17.256+0000] {dag.py:3427} INFO - Setting next_dagrun for example_branch_datetime_operator_3 to 2022-12-06T00:00:00+00:00, run_after=2022-12-07T00:00:00+00:00
[2022-12-07T10:51:17.287+0000] {processor.py:175} INFO - Processing /home/airflow/.local/lib/python3.7/site-packages/airflow/example_dags/example_branch_datetime_operator.py took 0.194 seconds
[2022-12-07T10:51:47.459+0000] {processor.py:153} INFO - Started process (PID=274) to work on /home/airflow/.local/lib/python3.7/site-packages/airflow/example_dags/example_branch_datetime_operator.py
[2022-12-07T10:51:47.459+0000] {processor.py:743} INFO - Processing file /home/airflow/.local/lib/python3.7/site-packages/airflow/example_dags/example_branch_datetime_operator.py for tasks to queue
[2022-12-07T10:51:47.460+0000] {logging_mixin.py:137} INFO - [2022-12-07T10:51:47.460+0000] {dagbag.py:538} INFO - Filling up the DagBag from /home/airflow/.local/lib/python3.7/site-packages/airflow/example_dags/example_branch_datetime_operator.py
[2022-12-07T10:51:47.484+0000] {processor.py:753} INFO - DAG(s) dict_keys(['example_branch_datetime_operator_3', 'example_branch_datetime_operator', 'example_branch_datetime_operator_2']) retrieved from /home/airflow/.local/lib/python3.7/site-packages/airflow/example_dags/example_branch_datetime_operator.py
[2022-12-07T10:51:47.539+0000] {logging_mixin.py:137} INFO - [2022-12-07T10:51:47.538+0000] {dag.py:2676} INFO - Sync 3 DAGs
[2022-12-07T10:51:47.578+0000] {logging_mixin.py:137} INFO - [2022-12-07T10:51:47.577+0000] {dag.py:3427} INFO - Setting next_dagrun for example_branch_datetime_operator to 2022-12-06T00:00:00+00:00, run_after=2022-12-07T00:00:00+00:00
[2022-12-07T10:51:47.586+0000] {logging_mixin.py:137} INFO - [2022-12-07T10:51:47.586+0000] {dag.py:3427} INFO - Setting next_dagrun for example_branch_datetime_operator_2 to 2022-12-06T00:00:00+00:00, run_after=2022-12-07T00:00:00+00:00
[2022-12-07T10:51:47.592+0000] {logging_mixin.py:137} INFO - [2022-12-07T10:51:47.591+0000] {dag.py:3427} INFO - Setting next_dagrun for example_branch_datetime_operator_3 to 2022-12-06T00:00:00+00:00, run_after=2022-12-07T00:00:00+00:00
[2022-12-07T10:51:47.615+0000] {processor.py:175} INFO - Processing /home/airflow/.local/lib/python3.7/site-packages/airflow/example_dags/example_branch_datetime_operator.py took 0.159 seconds
