[2022-12-07T10:50:11.536+0000] {processor.py:153} INFO - Started process (PID=45) to work on /home/airflow/.local/lib/python3.7/site-packages/airflow/example_dags/example_xcomargs.py
[2022-12-07T10:50:11.537+0000] {processor.py:743} INFO - Processing file /home/airflow/.local/lib/python3.7/site-packages/airflow/example_dags/example_xcomargs.py for tasks to queue
[2022-12-07T10:50:11.538+0000] {logging_mixin.py:137} INFO - [2022-12-07T10:50:11.538+0000] {dagbag.py:538} INFO - Filling up the DagBag from /home/airflow/.local/lib/python3.7/site-packages/airflow/example_dags/example_xcomargs.py
[2022-12-07T10:50:11.650+0000] {processor.py:753} INFO - DAG(s) dict_keys(['example_xcom_args', 'example_xcom_args_with_operators']) retrieved from /home/airflow/.local/lib/python3.7/site-packages/airflow/example_dags/example_xcomargs.py
[2022-12-07T10:50:11.713+0000] {logging_mixin.py:137} INFO - [2022-12-07T10:50:11.713+0000] {dag.py:2676} INFO - Sync 2 DAGs
[2022-12-07T10:50:11.757+0000] {logging_mixin.py:137} INFO - [2022-12-07T10:50:11.757+0000] {dag.py:3427} INFO - Setting next_dagrun for example_xcom_args to None, run_after=None
[2022-12-07T10:50:11.763+0000] {logging_mixin.py:137} INFO - [2022-12-07T10:50:11.763+0000] {dag.py:3427} INFO - Setting next_dagrun for example_xcom_args_with_operators to None, run_after=None
[2022-12-07T10:50:11.798+0000] {processor.py:175} INFO - Processing /home/airflow/.local/lib/python3.7/site-packages/airflow/example_dags/example_xcomargs.py took 0.266 seconds
[2022-12-07T10:50:42.081+0000] {processor.py:153} INFO - Started process (PID=107) to work on /home/airflow/.local/lib/python3.7/site-packages/airflow/example_dags/example_xcomargs.py
[2022-12-07T10:50:42.082+0000] {processor.py:743} INFO - Processing file /home/airflow/.local/lib/python3.7/site-packages/airflow/example_dags/example_xcomargs.py for tasks to queue
[2022-12-07T10:50:42.083+0000] {logging_mixin.py:137} INFO - [2022-12-07T10:50:42.082+0000] {dagbag.py:538} INFO - Filling up the DagBag from /home/airflow/.local/lib/python3.7/site-packages/airflow/example_dags/example_xcomargs.py
[2022-12-07T10:50:42.113+0000] {processor.py:753} INFO - DAG(s) dict_keys(['example_xcom_args', 'example_xcom_args_with_operators']) retrieved from /home/airflow/.local/lib/python3.7/site-packages/airflow/example_dags/example_xcomargs.py
[2022-12-07T10:50:42.159+0000] {logging_mixin.py:137} INFO - [2022-12-07T10:50:42.159+0000] {dag.py:2676} INFO - Sync 2 DAGs
[2022-12-07T10:50:42.191+0000] {logging_mixin.py:137} INFO - [2022-12-07T10:50:42.191+0000] {dag.py:3427} INFO - Setting next_dagrun for example_xcom_args to None, run_after=None
[2022-12-07T10:50:42.196+0000] {logging_mixin.py:137} INFO - [2022-12-07T10:50:42.196+0000] {dag.py:3427} INFO - Setting next_dagrun for example_xcom_args_with_operators to None, run_after=None
[2022-12-07T10:50:42.217+0000] {processor.py:175} INFO - Processing /home/airflow/.local/lib/python3.7/site-packages/airflow/example_dags/example_xcomargs.py took 0.140 seconds
[2022-12-07T10:51:12.247+0000] {processor.py:153} INFO - Started process (PID=171) to work on /home/airflow/.local/lib/python3.7/site-packages/airflow/example_dags/example_xcomargs.py
[2022-12-07T10:51:12.249+0000] {processor.py:743} INFO - Processing file /home/airflow/.local/lib/python3.7/site-packages/airflow/example_dags/example_xcomargs.py for tasks to queue
[2022-12-07T10:51:12.250+0000] {logging_mixin.py:137} INFO - [2022-12-07T10:51:12.249+0000] {dagbag.py:538} INFO - Filling up the DagBag from /home/airflow/.local/lib/python3.7/site-packages/airflow/example_dags/example_xcomargs.py
[2022-12-07T10:51:12.292+0000] {processor.py:753} INFO - DAG(s) dict_keys(['example_xcom_args', 'example_xcom_args_with_operators']) retrieved from /home/airflow/.local/lib/python3.7/site-packages/airflow/example_dags/example_xcomargs.py
[2022-12-07T10:51:12.350+0000] {logging_mixin.py:137} INFO - [2022-12-07T10:51:12.350+0000] {dag.py:2676} INFO - Sync 2 DAGs
[2022-12-07T10:51:12.381+0000] {logging_mixin.py:137} INFO - [2022-12-07T10:51:12.380+0000] {dag.py:3427} INFO - Setting next_dagrun for example_xcom_args to None, run_after=None
[2022-12-07T10:51:12.385+0000] {logging_mixin.py:137} INFO - [2022-12-07T10:51:12.385+0000] {dag.py:3427} INFO - Setting next_dagrun for example_xcom_args_with_operators to None, run_after=None
[2022-12-07T10:51:12.409+0000] {processor.py:175} INFO - Processing /home/airflow/.local/lib/python3.7/site-packages/airflow/example_dags/example_xcomargs.py took 0.166 seconds
[2022-12-07T10:51:43.254+0000] {processor.py:153} INFO - Started process (PID=246) to work on /home/airflow/.local/lib/python3.7/site-packages/airflow/example_dags/example_xcomargs.py
[2022-12-07T10:51:43.256+0000] {processor.py:743} INFO - Processing file /home/airflow/.local/lib/python3.7/site-packages/airflow/example_dags/example_xcomargs.py for tasks to queue
[2022-12-07T10:51:43.257+0000] {logging_mixin.py:137} INFO - [2022-12-07T10:51:43.256+0000] {dagbag.py:538} INFO - Filling up the DagBag from /home/airflow/.local/lib/python3.7/site-packages/airflow/example_dags/example_xcomargs.py
[2022-12-07T10:51:43.286+0000] {processor.py:753} INFO - DAG(s) dict_keys(['example_xcom_args_with_operators', 'example_xcom_args']) retrieved from /home/airflow/.local/lib/python3.7/site-packages/airflow/example_dags/example_xcomargs.py
[2022-12-07T10:51:43.331+0000] {logging_mixin.py:137} INFO - [2022-12-07T10:51:43.331+0000] {dag.py:2676} INFO - Sync 2 DAGs
[2022-12-07T10:51:43.363+0000] {logging_mixin.py:137} INFO - [2022-12-07T10:51:43.362+0000] {dag.py:3427} INFO - Setting next_dagrun for example_xcom_args to None, run_after=None
[2022-12-07T10:51:43.367+0000] {logging_mixin.py:137} INFO - [2022-12-07T10:51:43.367+0000] {dag.py:3427} INFO - Setting next_dagrun for example_xcom_args_with_operators to None, run_after=None
[2022-12-07T10:51:43.392+0000] {processor.py:175} INFO - Processing /home/airflow/.local/lib/python3.7/site-packages/airflow/example_dags/example_xcomargs.py took 0.143 seconds
