[2022-12-07T10:50:16.467+0000] {processor.py:153} INFO - Started process (PID=78) to work on /home/airflow/.local/lib/python3.7/site-packages/airflow/example_dags/example_sensors.py
[2022-12-07T10:50:16.469+0000] {processor.py:743} INFO - Processing file /home/airflow/.local/lib/python3.7/site-packages/airflow/example_dags/example_sensors.py for tasks to queue
[2022-12-07T10:50:16.470+0000] {logging_mixin.py:137} INFO - [2022-12-07T10:50:16.470+0000] {dagbag.py:538} INFO - Filling up the DagBag from /home/airflow/.local/lib/python3.7/site-packages/airflow/example_dags/example_sensors.py
[2022-12-07T10:50:16.520+0000] {processor.py:753} INFO - DAG(s) dict_keys(['example_sensors']) retrieved from /home/airflow/.local/lib/python3.7/site-packages/airflow/example_dags/example_sensors.py
[2022-12-07T10:50:16.602+0000] {logging_mixin.py:137} INFO - [2022-12-07T10:50:16.601+0000] {dag.py:2676} INFO - Sync 1 DAGs
[2022-12-07T10:50:16.647+0000] {logging_mixin.py:137} INFO - [2022-12-07T10:50:16.646+0000] {dag.py:3427} INFO - Setting next_dagrun for example_sensors to None, run_after=None
[2022-12-07T10:50:16.682+0000] {processor.py:175} INFO - Processing /home/airflow/.local/lib/python3.7/site-packages/airflow/example_dags/example_sensors.py took 0.224 seconds
[2022-12-07T10:50:47.378+0000] {processor.py:153} INFO - Started process (PID=150) to work on /home/airflow/.local/lib/python3.7/site-packages/airflow/example_dags/example_sensors.py
[2022-12-07T10:50:47.379+0000] {processor.py:743} INFO - Processing file /home/airflow/.local/lib/python3.7/site-packages/airflow/example_dags/example_sensors.py for tasks to queue
[2022-12-07T10:50:47.380+0000] {logging_mixin.py:137} INFO - [2022-12-07T10:50:47.379+0000] {dagbag.py:538} INFO - Filling up the DagBag from /home/airflow/.local/lib/python3.7/site-packages/airflow/example_dags/example_sensors.py
[2022-12-07T10:50:47.411+0000] {processor.py:753} INFO - DAG(s) dict_keys(['example_sensors']) retrieved from /home/airflow/.local/lib/python3.7/site-packages/airflow/example_dags/example_sensors.py
[2022-12-07T10:50:47.521+0000] {logging_mixin.py:137} INFO - [2022-12-07T10:50:47.519+0000] {dag.py:2676} INFO - Sync 1 DAGs
[2022-12-07T10:50:47.583+0000] {logging_mixin.py:137} INFO - [2022-12-07T10:50:47.582+0000] {dag.py:3427} INFO - Setting next_dagrun for example_sensors to None, run_after=None
[2022-12-07T10:50:47.614+0000] {processor.py:175} INFO - Processing /home/airflow/.local/lib/python3.7/site-packages/airflow/example_dags/example_sensors.py took 0.240 seconds
[2022-12-07T10:51:17.757+0000] {processor.py:153} INFO - Started process (PID=216) to work on /home/airflow/.local/lib/python3.7/site-packages/airflow/example_dags/example_sensors.py
[2022-12-07T10:51:17.759+0000] {processor.py:743} INFO - Processing file /home/airflow/.local/lib/python3.7/site-packages/airflow/example_dags/example_sensors.py for tasks to queue
[2022-12-07T10:51:17.760+0000] {logging_mixin.py:137} INFO - [2022-12-07T10:51:17.760+0000] {dagbag.py:538} INFO - Filling up the DagBag from /home/airflow/.local/lib/python3.7/site-packages/airflow/example_dags/example_sensors.py
[2022-12-07T10:51:17.782+0000] {processor.py:753} INFO - DAG(s) dict_keys(['example_sensors']) retrieved from /home/airflow/.local/lib/python3.7/site-packages/airflow/example_dags/example_sensors.py
[2022-12-07T10:51:17.828+0000] {logging_mixin.py:137} INFO - [2022-12-07T10:51:17.828+0000] {dag.py:2676} INFO - Sync 1 DAGs
[2022-12-07T10:51:17.865+0000] {logging_mixin.py:137} INFO - [2022-12-07T10:51:17.865+0000] {dag.py:3427} INFO - Setting next_dagrun for example_sensors to None, run_after=None
[2022-12-07T10:51:17.893+0000] {processor.py:175} INFO - Processing /home/airflow/.local/lib/python3.7/site-packages/airflow/example_dags/example_sensors.py took 0.138 seconds
[2022-12-07T10:51:48.004+0000] {processor.py:153} INFO - Started process (PID=279) to work on /home/airflow/.local/lib/python3.7/site-packages/airflow/example_dags/example_sensors.py
[2022-12-07T10:51:48.005+0000] {processor.py:743} INFO - Processing file /home/airflow/.local/lib/python3.7/site-packages/airflow/example_dags/example_sensors.py for tasks to queue
[2022-12-07T10:51:48.005+0000] {logging_mixin.py:137} INFO - [2022-12-07T10:51:48.005+0000] {dagbag.py:538} INFO - Filling up the DagBag from /home/airflow/.local/lib/python3.7/site-packages/airflow/example_dags/example_sensors.py
[2022-12-07T10:51:48.026+0000] {processor.py:753} INFO - DAG(s) dict_keys(['example_sensors']) retrieved from /home/airflow/.local/lib/python3.7/site-packages/airflow/example_dags/example_sensors.py
[2022-12-07T10:51:48.071+0000] {logging_mixin.py:137} INFO - [2022-12-07T10:51:48.071+0000] {dag.py:2676} INFO - Sync 1 DAGs
[2022-12-07T10:51:48.103+0000] {logging_mixin.py:137} INFO - [2022-12-07T10:51:48.102+0000] {dag.py:3427} INFO - Setting next_dagrun for example_sensors to None, run_after=None
[2022-12-07T10:51:48.130+0000] {processor.py:175} INFO - Processing /home/airflow/.local/lib/python3.7/site-packages/airflow/example_dags/example_sensors.py took 0.129 seconds
