[2022-12-07T10:50:15.337+0000] {processor.py:153} INFO - Started process (PID=70) to work on /home/airflow/.local/lib/python3.7/site-packages/airflow/example_dags/example_task_group.py
[2022-12-07T10:50:15.338+0000] {processor.py:743} INFO - Processing file /home/airflow/.local/lib/python3.7/site-packages/airflow/example_dags/example_task_group.py for tasks to queue
[2022-12-07T10:50:15.339+0000] {logging_mixin.py:137} INFO - [2022-12-07T10:50:15.339+0000] {dagbag.py:538} INFO - Filling up the DagBag from /home/airflow/.local/lib/python3.7/site-packages/airflow/example_dags/example_task_group.py
[2022-12-07T10:50:15.377+0000] {processor.py:753} INFO - DAG(s) dict_keys(['example_task_group']) retrieved from /home/airflow/.local/lib/python3.7/site-packages/airflow/example_dags/example_task_group.py
[2022-12-07T10:50:15.431+0000] {logging_mixin.py:137} INFO - [2022-12-07T10:50:15.431+0000] {dag.py:2676} INFO - Sync 1 DAGs
[2022-12-07T10:50:15.475+0000] {logging_mixin.py:137} INFO - [2022-12-07T10:50:15.475+0000] {dag.py:3427} INFO - Setting next_dagrun for example_task_group to 2022-12-06T10:50:15.475034+00:00, run_after=2022-12-07T10:50:15.475034+00:00
[2022-12-07T10:50:15.515+0000] {processor.py:175} INFO - Processing /home/airflow/.local/lib/python3.7/site-packages/airflow/example_dags/example_task_group.py took 0.197 seconds
[2022-12-07T10:50:46.489+0000] {processor.py:153} INFO - Started process (PID=132) to work on /home/airflow/.local/lib/python3.7/site-packages/airflow/example_dags/example_task_group.py
[2022-12-07T10:50:46.490+0000] {processor.py:743} INFO - Processing file /home/airflow/.local/lib/python3.7/site-packages/airflow/example_dags/example_task_group.py for tasks to queue
[2022-12-07T10:50:46.491+0000] {logging_mixin.py:137} INFO - [2022-12-07T10:50:46.491+0000] {dagbag.py:538} INFO - Filling up the DagBag from /home/airflow/.local/lib/python3.7/site-packages/airflow/example_dags/example_task_group.py
[2022-12-07T10:50:46.517+0000] {processor.py:753} INFO - DAG(s) dict_keys(['example_task_group']) retrieved from /home/airflow/.local/lib/python3.7/site-packages/airflow/example_dags/example_task_group.py
[2022-12-07T10:50:46.579+0000] {logging_mixin.py:137} INFO - [2022-12-07T10:50:46.579+0000] {dag.py:2676} INFO - Sync 1 DAGs
[2022-12-07T10:50:46.627+0000] {logging_mixin.py:137} INFO - [2022-12-07T10:50:46.627+0000] {dag.py:3427} INFO - Setting next_dagrun for example_task_group to 2022-12-06T10:50:46.627291+00:00, run_after=2022-12-07T10:50:46.627291+00:00
[2022-12-07T10:50:46.668+0000] {processor.py:175} INFO - Processing /home/airflow/.local/lib/python3.7/site-packages/airflow/example_dags/example_task_group.py took 0.183 seconds
[2022-12-07T10:51:16.760+0000] {processor.py:153} INFO - Started process (PID=208) to work on /home/airflow/.local/lib/python3.7/site-packages/airflow/example_dags/example_task_group.py
[2022-12-07T10:51:16.762+0000] {processor.py:743} INFO - Processing file /home/airflow/.local/lib/python3.7/site-packages/airflow/example_dags/example_task_group.py for tasks to queue
[2022-12-07T10:51:16.763+0000] {logging_mixin.py:137} INFO - [2022-12-07T10:51:16.763+0000] {dagbag.py:538} INFO - Filling up the DagBag from /home/airflow/.local/lib/python3.7/site-packages/airflow/example_dags/example_task_group.py
[2022-12-07T10:51:16.781+0000] {processor.py:753} INFO - DAG(s) dict_keys(['example_task_group']) retrieved from /home/airflow/.local/lib/python3.7/site-packages/airflow/example_dags/example_task_group.py
[2022-12-07T10:51:16.821+0000] {logging_mixin.py:137} INFO - [2022-12-07T10:51:16.821+0000] {dag.py:2676} INFO - Sync 1 DAGs
[2022-12-07T10:51:16.852+0000] {logging_mixin.py:137} INFO - [2022-12-07T10:51:16.852+0000] {dag.py:3427} INFO - Setting next_dagrun for example_task_group to 2022-12-06T10:51:16.852052+00:00, run_after=2022-12-07T10:51:16.852052+00:00
[2022-12-07T10:51:16.877+0000] {processor.py:175} INFO - Processing /home/airflow/.local/lib/python3.7/site-packages/airflow/example_dags/example_task_group.py took 0.120 seconds
[2022-12-07T10:51:47.218+0000] {processor.py:153} INFO - Started process (PID=271) to work on /home/airflow/.local/lib/python3.7/site-packages/airflow/example_dags/example_task_group.py
[2022-12-07T10:51:47.219+0000] {processor.py:743} INFO - Processing file /home/airflow/.local/lib/python3.7/site-packages/airflow/example_dags/example_task_group.py for tasks to queue
[2022-12-07T10:51:47.220+0000] {logging_mixin.py:137} INFO - [2022-12-07T10:51:47.220+0000] {dagbag.py:538} INFO - Filling up the DagBag from /home/airflow/.local/lib/python3.7/site-packages/airflow/example_dags/example_task_group.py
[2022-12-07T10:51:47.236+0000] {processor.py:753} INFO - DAG(s) dict_keys(['example_task_group']) retrieved from /home/airflow/.local/lib/python3.7/site-packages/airflow/example_dags/example_task_group.py
[2022-12-07T10:51:47.277+0000] {logging_mixin.py:137} INFO - [2022-12-07T10:51:47.277+0000] {dag.py:2676} INFO - Sync 1 DAGs
[2022-12-07T10:51:47.308+0000] {logging_mixin.py:137} INFO - [2022-12-07T10:51:47.308+0000] {dag.py:3427} INFO - Setting next_dagrun for example_task_group to 2022-12-06T10:51:47.308423+00:00, run_after=2022-12-07T10:51:47.308423+00:00
[2022-12-07T10:51:47.333+0000] {processor.py:175} INFO - Processing /home/airflow/.local/lib/python3.7/site-packages/airflow/example_dags/example_task_group.py took 0.118 seconds
