[2022-12-07T10:50:12.574+0000] {processor.py:153} INFO - Started process (PID=52) to work on /home/airflow/.local/lib/python3.7/site-packages/airflow/example_dags/example_branch_python_dop_operator_3.py
[2022-12-07T10:50:12.575+0000] {processor.py:743} INFO - Processing file /home/airflow/.local/lib/python3.7/site-packages/airflow/example_dags/example_branch_python_dop_operator_3.py for tasks to queue
[2022-12-07T10:50:12.576+0000] {logging_mixin.py:137} INFO - [2022-12-07T10:50:12.576+0000] {dagbag.py:538} INFO - Filling up the DagBag from /home/airflow/.local/lib/python3.7/site-packages/airflow/example_dags/example_branch_python_dop_operator_3.py
[2022-12-07T10:50:12.615+0000] {processor.py:753} INFO - DAG(s) dict_keys(['example_branch_dop_operator_v3']) retrieved from /home/airflow/.local/lib/python3.7/site-packages/airflow/example_dags/example_branch_python_dop_operator_3.py
[2022-12-07T10:50:12.676+0000] {logging_mixin.py:137} INFO - [2022-12-07T10:50:12.676+0000] {dag.py:2676} INFO - Sync 1 DAGs
[2022-12-07T10:50:12.753+0000] {logging_mixin.py:137} INFO - [2022-12-07T10:50:12.753+0000] {dag.py:3427} INFO - Setting next_dagrun for example_branch_dop_operator_v3 to 2022-12-07T10:49:00+00:00, run_after=2022-12-07T10:50:00+00:00
[2022-12-07T10:50:12.807+0000] {processor.py:175} INFO - Processing /home/airflow/.local/lib/python3.7/site-packages/airflow/example_dags/example_branch_python_dop_operator_3.py took 0.237 seconds
[2022-12-07T10:50:43.693+0000] {processor.py:153} INFO - Started process (PID=114) to work on /home/airflow/.local/lib/python3.7/site-packages/airflow/example_dags/example_branch_python_dop_operator_3.py
[2022-12-07T10:50:43.694+0000] {processor.py:743} INFO - Processing file /home/airflow/.local/lib/python3.7/site-packages/airflow/example_dags/example_branch_python_dop_operator_3.py for tasks to queue
[2022-12-07T10:50:43.695+0000] {logging_mixin.py:137} INFO - [2022-12-07T10:50:43.695+0000] {dagbag.py:538} INFO - Filling up the DagBag from /home/airflow/.local/lib/python3.7/site-packages/airflow/example_dags/example_branch_python_dop_operator_3.py
[2022-12-07T10:50:43.725+0000] {processor.py:753} INFO - DAG(s) dict_keys(['example_branch_dop_operator_v3']) retrieved from /home/airflow/.local/lib/python3.7/site-packages/airflow/example_dags/example_branch_python_dop_operator_3.py
[2022-12-07T10:50:43.766+0000] {logging_mixin.py:137} INFO - [2022-12-07T10:50:43.765+0000] {dag.py:2676} INFO - Sync 1 DAGs
[2022-12-07T10:50:43.810+0000] {logging_mixin.py:137} INFO - [2022-12-07T10:50:43.810+0000] {dag.py:3427} INFO - Setting next_dagrun for example_branch_dop_operator_v3 to 2022-12-07T10:49:00+00:00, run_after=2022-12-07T10:50:00+00:00
[2022-12-07T10:50:43.839+0000] {processor.py:175} INFO - Processing /home/airflow/.local/lib/python3.7/site-packages/airflow/example_dags/example_branch_python_dop_operator_3.py took 0.149 seconds
[2022-12-07T10:51:14.076+0000] {processor.py:153} INFO - Started process (PID=187) to work on /home/airflow/.local/lib/python3.7/site-packages/airflow/example_dags/example_branch_python_dop_operator_3.py
[2022-12-07T10:51:14.080+0000] {processor.py:743} INFO - Processing file /home/airflow/.local/lib/python3.7/site-packages/airflow/example_dags/example_branch_python_dop_operator_3.py for tasks to queue
[2022-12-07T10:51:14.081+0000] {logging_mixin.py:137} INFO - [2022-12-07T10:51:14.081+0000] {dagbag.py:538} INFO - Filling up the DagBag from /home/airflow/.local/lib/python3.7/site-packages/airflow/example_dags/example_branch_python_dop_operator_3.py
[2022-12-07T10:51:14.140+0000] {processor.py:753} INFO - DAG(s) dict_keys(['example_branch_dop_operator_v3']) retrieved from /home/airflow/.local/lib/python3.7/site-packages/airflow/example_dags/example_branch_python_dop_operator_3.py
[2022-12-07T10:51:14.261+0000] {logging_mixin.py:137} INFO - [2022-12-07T10:51:14.261+0000] {dag.py:2676} INFO - Sync 1 DAGs
[2022-12-07T10:51:14.368+0000] {logging_mixin.py:137} INFO - [2022-12-07T10:51:14.367+0000] {dag.py:3427} INFO - Setting next_dagrun for example_branch_dop_operator_v3 to 2022-12-07T10:50:00+00:00, run_after=2022-12-07T10:51:00+00:00
[2022-12-07T10:51:14.442+0000] {processor.py:175} INFO - Processing /home/airflow/.local/lib/python3.7/site-packages/airflow/example_dags/example_branch_python_dop_operator_3.py took 0.381 seconds
[2022-12-07T10:51:44.775+0000] {processor.py:153} INFO - Started process (PID=253) to work on /home/airflow/.local/lib/python3.7/site-packages/airflow/example_dags/example_branch_python_dop_operator_3.py
[2022-12-07T10:51:44.776+0000] {processor.py:743} INFO - Processing file /home/airflow/.local/lib/python3.7/site-packages/airflow/example_dags/example_branch_python_dop_operator_3.py for tasks to queue
[2022-12-07T10:51:44.777+0000] {logging_mixin.py:137} INFO - [2022-12-07T10:51:44.776+0000] {dagbag.py:538} INFO - Filling up the DagBag from /home/airflow/.local/lib/python3.7/site-packages/airflow/example_dags/example_branch_python_dop_operator_3.py
[2022-12-07T10:51:44.811+0000] {processor.py:753} INFO - DAG(s) dict_keys(['example_branch_dop_operator_v3']) retrieved from /home/airflow/.local/lib/python3.7/site-packages/airflow/example_dags/example_branch_python_dop_operator_3.py
[2022-12-07T10:51:44.855+0000] {logging_mixin.py:137} INFO - [2022-12-07T10:51:44.854+0000] {dag.py:2676} INFO - Sync 1 DAGs
[2022-12-07T10:51:44.890+0000] {logging_mixin.py:137} INFO - [2022-12-07T10:51:44.890+0000] {dag.py:3427} INFO - Setting next_dagrun for example_branch_dop_operator_v3 to 2022-12-07T10:50:00+00:00, run_after=2022-12-07T10:51:00+00:00
[2022-12-07T10:51:44.919+0000] {processor.py:175} INFO - Processing /home/airflow/.local/lib/python3.7/site-packages/airflow/example_dags/example_branch_python_dop_operator_3.py took 0.147 seconds
