[2022-12-07T10:50:12.848+0000] {processor.py:153} INFO - Started process (PID=54) to work on /home/airflow/.local/lib/python3.7/site-packages/airflow/example_dags/example_complex.py
[2022-12-07T10:50:12.849+0000] {processor.py:743} INFO - Processing file /home/airflow/.local/lib/python3.7/site-packages/airflow/example_dags/example_complex.py for tasks to queue
[2022-12-07T10:50:12.851+0000] {logging_mixin.py:137} INFO - [2022-12-07T10:50:12.850+0000] {dagbag.py:538} INFO - Filling up the DagBag from /home/airflow/.local/lib/python3.7/site-packages/airflow/example_dags/example_complex.py
[2022-12-07T10:50:12.880+0000] {logging_mixin.py:137} INFO - [2022-12-07T10:50:12.880+0000] {taskmixin.py:205} WARNING - Dependency <Task(BashOperator): create_entry_group>, delete_entry_group already registered for DAG: example_complex
[2022-12-07T10:50:12.881+0000] {logging_mixin.py:137} INFO - [2022-12-07T10:50:12.881+0000] {taskmixin.py:205} WARNING - Dependency <Task(BashOperator): delete_entry_group>, create_entry_group already registered for DAG: example_complex
[2022-12-07T10:50:12.882+0000] {logging_mixin.py:137} INFO - [2022-12-07T10:50:12.882+0000] {taskmixin.py:205} WARNING - Dependency <Task(BashOperator): create_entry_gcs>, delete_entry already registered for DAG: example_complex
[2022-12-07T10:50:12.882+0000] {logging_mixin.py:137} INFO - [2022-12-07T10:50:12.882+0000] {taskmixin.py:205} WARNING - Dependency <Task(BashOperator): delete_entry>, create_entry_gcs already registered for DAG: example_complex
[2022-12-07T10:50:12.883+0000] {logging_mixin.py:137} INFO - [2022-12-07T10:50:12.883+0000] {taskmixin.py:205} WARNING - Dependency <Task(BashOperator): create_tag>, delete_tag already registered for DAG: example_complex
[2022-12-07T10:50:12.883+0000] {logging_mixin.py:137} INFO - [2022-12-07T10:50:12.883+0000] {taskmixin.py:205} WARNING - Dependency <Task(BashOperator): delete_tag>, create_tag already registered for DAG: example_complex
[2022-12-07T10:50:12.897+0000] {processor.py:753} INFO - DAG(s) dict_keys(['example_complex']) retrieved from /home/airflow/.local/lib/python3.7/site-packages/airflow/example_dags/example_complex.py
[2022-12-07T10:50:12.997+0000] {logging_mixin.py:137} INFO - [2022-12-07T10:50:12.997+0000] {dag.py:2676} INFO - Sync 1 DAGs
[2022-12-07T10:50:13.051+0000] {logging_mixin.py:137} INFO - [2022-12-07T10:50:13.051+0000] {dag.py:3427} INFO - Setting next_dagrun for example_complex to None, run_after=None
[2022-12-07T10:50:13.116+0000] {processor.py:175} INFO - Processing /home/airflow/.local/lib/python3.7/site-packages/airflow/example_dags/example_complex.py took 0.272 seconds
[2022-12-07T10:50:43.859+0000] {processor.py:153} INFO - Started process (PID=116) to work on /home/airflow/.local/lib/python3.7/site-packages/airflow/example_dags/example_complex.py
[2022-12-07T10:50:43.859+0000] {processor.py:743} INFO - Processing file /home/airflow/.local/lib/python3.7/site-packages/airflow/example_dags/example_complex.py for tasks to queue
[2022-12-07T10:50:43.860+0000] {logging_mixin.py:137} INFO - [2022-12-07T10:50:43.860+0000] {dagbag.py:538} INFO - Filling up the DagBag from /home/airflow/.local/lib/python3.7/site-packages/airflow/example_dags/example_complex.py
[2022-12-07T10:50:43.872+0000] {logging_mixin.py:137} INFO - [2022-12-07T10:50:43.872+0000] {taskmixin.py:205} WARNING - Dependency <Task(BashOperator): create_entry_group>, delete_entry_group already registered for DAG: example_complex
[2022-12-07T10:50:43.872+0000] {logging_mixin.py:137} INFO - [2022-12-07T10:50:43.872+0000] {taskmixin.py:205} WARNING - Dependency <Task(BashOperator): delete_entry_group>, create_entry_group already registered for DAG: example_complex
[2022-12-07T10:50:43.872+0000] {logging_mixin.py:137} INFO - [2022-12-07T10:50:43.872+0000] {taskmixin.py:205} WARNING - Dependency <Task(BashOperator): create_entry_gcs>, delete_entry already registered for DAG: example_complex
[2022-12-07T10:50:43.873+0000] {logging_mixin.py:137} INFO - [2022-12-07T10:50:43.872+0000] {taskmixin.py:205} WARNING - Dependency <Task(BashOperator): delete_entry>, create_entry_gcs already registered for DAG: example_complex
[2022-12-07T10:50:43.873+0000] {logging_mixin.py:137} INFO - [2022-12-07T10:50:43.873+0000] {taskmixin.py:205} WARNING - Dependency <Task(BashOperator): create_tag>, delete_tag already registered for DAG: example_complex
[2022-12-07T10:50:43.873+0000] {logging_mixin.py:137} INFO - [2022-12-07T10:50:43.873+0000] {taskmixin.py:205} WARNING - Dependency <Task(BashOperator): delete_tag>, create_tag already registered for DAG: example_complex
[2022-12-07T10:50:43.882+0000] {processor.py:753} INFO - DAG(s) dict_keys(['example_complex']) retrieved from /home/airflow/.local/lib/python3.7/site-packages/airflow/example_dags/example_complex.py
[2022-12-07T10:50:43.934+0000] {logging_mixin.py:137} INFO - [2022-12-07T10:50:43.933+0000] {dag.py:2676} INFO - Sync 1 DAGs
[2022-12-07T10:50:43.969+0000] {logging_mixin.py:137} INFO - [2022-12-07T10:50:43.968+0000] {dag.py:3427} INFO - Setting next_dagrun for example_complex to None, run_after=None
[2022-12-07T10:50:43.997+0000] {processor.py:175} INFO - Processing /home/airflow/.local/lib/python3.7/site-packages/airflow/example_dags/example_complex.py took 0.141 seconds
[2022-12-07T10:51:14.489+0000] {processor.py:153} INFO - Started process (PID=189) to work on /home/airflow/.local/lib/python3.7/site-packages/airflow/example_dags/example_complex.py
[2022-12-07T10:51:14.493+0000] {processor.py:743} INFO - Processing file /home/airflow/.local/lib/python3.7/site-packages/airflow/example_dags/example_complex.py for tasks to queue
[2022-12-07T10:51:14.494+0000] {logging_mixin.py:137} INFO - [2022-12-07T10:51:14.494+0000] {dagbag.py:538} INFO - Filling up the DagBag from /home/airflow/.local/lib/python3.7/site-packages/airflow/example_dags/example_complex.py
[2022-12-07T10:51:14.529+0000] {logging_mixin.py:137} INFO - [2022-12-07T10:51:14.529+0000] {taskmixin.py:205} WARNING - Dependency <Task(BashOperator): create_entry_group>, delete_entry_group already registered for DAG: example_complex
[2022-12-07T10:51:14.530+0000] {logging_mixin.py:137} INFO - [2022-12-07T10:51:14.530+0000] {taskmixin.py:205} WARNING - Dependency <Task(BashOperator): delete_entry_group>, create_entry_group already registered for DAG: example_complex
[2022-12-07T10:51:14.530+0000] {logging_mixin.py:137} INFO - [2022-12-07T10:51:14.530+0000] {taskmixin.py:205} WARNING - Dependency <Task(BashOperator): create_entry_gcs>, delete_entry already registered for DAG: example_complex
[2022-12-07T10:51:14.530+0000] {logging_mixin.py:137} INFO - [2022-12-07T10:51:14.530+0000] {taskmixin.py:205} WARNING - Dependency <Task(BashOperator): delete_entry>, create_entry_gcs already registered for DAG: example_complex
[2022-12-07T10:51:14.531+0000] {logging_mixin.py:137} INFO - [2022-12-07T10:51:14.531+0000] {taskmixin.py:205} WARNING - Dependency <Task(BashOperator): create_tag>, delete_tag already registered for DAG: example_complex
[2022-12-07T10:51:14.531+0000] {logging_mixin.py:137} INFO - [2022-12-07T10:51:14.531+0000] {taskmixin.py:205} WARNING - Dependency <Task(BashOperator): delete_tag>, create_tag already registered for DAG: example_complex
[2022-12-07T10:51:14.545+0000] {processor.py:753} INFO - DAG(s) dict_keys(['example_complex']) retrieved from /home/airflow/.local/lib/python3.7/site-packages/airflow/example_dags/example_complex.py
[2022-12-07T10:51:14.671+0000] {logging_mixin.py:137} INFO - [2022-12-07T10:51:14.671+0000] {dag.py:2676} INFO - Sync 1 DAGs
[2022-12-07T10:51:14.718+0000] {logging_mixin.py:137} INFO - [2022-12-07T10:51:14.718+0000] {dag.py:3427} INFO - Setting next_dagrun for example_complex to None, run_after=None
[2022-12-07T10:51:14.760+0000] {processor.py:175} INFO - Processing /home/airflow/.local/lib/python3.7/site-packages/airflow/example_dags/example_complex.py took 0.274 seconds
[2022-12-07T10:51:44.933+0000] {processor.py:153} INFO - Started process (PID=255) to work on /home/airflow/.local/lib/python3.7/site-packages/airflow/example_dags/example_complex.py
[2022-12-07T10:51:44.934+0000] {processor.py:743} INFO - Processing file /home/airflow/.local/lib/python3.7/site-packages/airflow/example_dags/example_complex.py for tasks to queue
[2022-12-07T10:51:44.934+0000] {logging_mixin.py:137} INFO - [2022-12-07T10:51:44.934+0000] {dagbag.py:538} INFO - Filling up the DagBag from /home/airflow/.local/lib/python3.7/site-packages/airflow/example_dags/example_complex.py
[2022-12-07T10:51:44.948+0000] {logging_mixin.py:137} INFO - [2022-12-07T10:51:44.948+0000] {taskmixin.py:205} WARNING - Dependency <Task(BashOperator): create_entry_group>, delete_entry_group already registered for DAG: example_complex
[2022-12-07T10:51:44.948+0000] {logging_mixin.py:137} INFO - [2022-12-07T10:51:44.948+0000] {taskmixin.py:205} WARNING - Dependency <Task(BashOperator): delete_entry_group>, create_entry_group already registered for DAG: example_complex
[2022-12-07T10:51:44.949+0000] {logging_mixin.py:137} INFO - [2022-12-07T10:51:44.949+0000] {taskmixin.py:205} WARNING - Dependency <Task(BashOperator): create_entry_gcs>, delete_entry already registered for DAG: example_complex
[2022-12-07T10:51:44.949+0000] {logging_mixin.py:137} INFO - [2022-12-07T10:51:44.949+0000] {taskmixin.py:205} WARNING - Dependency <Task(BashOperator): delete_entry>, create_entry_gcs already registered for DAG: example_complex
[2022-12-07T10:51:44.949+0000] {logging_mixin.py:137} INFO - [2022-12-07T10:51:44.949+0000] {taskmixin.py:205} WARNING - Dependency <Task(BashOperator): create_tag>, delete_tag already registered for DAG: example_complex
[2022-12-07T10:51:44.949+0000] {logging_mixin.py:137} INFO - [2022-12-07T10:51:44.949+0000] {taskmixin.py:205} WARNING - Dependency <Task(BashOperator): delete_tag>, create_tag already registered for DAG: example_complex
[2022-12-07T10:51:44.959+0000] {processor.py:753} INFO - DAG(s) dict_keys(['example_complex']) retrieved from /home/airflow/.local/lib/python3.7/site-packages/airflow/example_dags/example_complex.py
[2022-12-07T10:51:45.008+0000] {logging_mixin.py:137} INFO - [2022-12-07T10:51:45.008+0000] {dag.py:2676} INFO - Sync 1 DAGs
[2022-12-07T10:51:45.040+0000] {logging_mixin.py:137} INFO - [2022-12-07T10:51:45.040+0000] {dag.py:3427} INFO - Setting next_dagrun for example_complex to None, run_after=None
[2022-12-07T10:51:45.064+0000] {processor.py:175} INFO - Processing /home/airflow/.local/lib/python3.7/site-packages/airflow/example_dags/example_complex.py took 0.134 seconds
