[2022-12-07T10:50:11.653+0000] {processor.py:153} INFO - Started process (PID=46) to work on /home/airflow/.local/lib/python3.7/site-packages/airflow/example_dags/example_latest_only.py
[2022-12-07T10:50:11.654+0000] {processor.py:743} INFO - Processing file /home/airflow/.local/lib/python3.7/site-packages/airflow/example_dags/example_latest_only.py for tasks to queue
[2022-12-07T10:50:11.654+0000] {logging_mixin.py:137} INFO - [2022-12-07T10:50:11.654+0000] {dagbag.py:538} INFO - Filling up the DagBag from /home/airflow/.local/lib/python3.7/site-packages/airflow/example_dags/example_latest_only.py
[2022-12-07T10:50:11.707+0000] {processor.py:753} INFO - DAG(s) dict_keys(['latest_only']) retrieved from /home/airflow/.local/lib/python3.7/site-packages/airflow/example_dags/example_latest_only.py
[2022-12-07T10:50:11.758+0000] {logging_mixin.py:137} INFO - [2022-12-07T10:50:11.758+0000] {dag.py:2676} INFO - Sync 1 DAGs
[2022-12-07T10:50:11.803+0000] {logging_mixin.py:137} INFO - [2022-12-07T10:50:11.802+0000] {dag.py:3427} INFO - Setting next_dagrun for latest_only to 2022-12-07T06:50:11.802452+00:00, run_after=2022-12-07T10:50:11.802452+00:00
[2022-12-07T10:50:11.905+0000] {processor.py:175} INFO - Processing /home/airflow/.local/lib/python3.7/site-packages/airflow/example_dags/example_latest_only.py took 0.256 seconds
[2022-12-07T10:50:42.123+0000] {processor.py:153} INFO - Started process (PID=108) to work on /home/airflow/.local/lib/python3.7/site-packages/airflow/example_dags/example_latest_only.py
[2022-12-07T10:50:42.124+0000] {processor.py:743} INFO - Processing file /home/airflow/.local/lib/python3.7/site-packages/airflow/example_dags/example_latest_only.py for tasks to queue
[2022-12-07T10:50:42.125+0000] {logging_mixin.py:137} INFO - [2022-12-07T10:50:42.125+0000] {dagbag.py:538} INFO - Filling up the DagBag from /home/airflow/.local/lib/python3.7/site-packages/airflow/example_dags/example_latest_only.py
[2022-12-07T10:50:42.140+0000] {processor.py:753} INFO - DAG(s) dict_keys(['latest_only']) retrieved from /home/airflow/.local/lib/python3.7/site-packages/airflow/example_dags/example_latest_only.py
[2022-12-07T10:50:42.179+0000] {logging_mixin.py:137} INFO - [2022-12-07T10:50:42.179+0000] {dag.py:2676} INFO - Sync 1 DAGs
[2022-12-07T10:50:42.211+0000] {logging_mixin.py:137} INFO - [2022-12-07T10:50:42.210+0000] {dag.py:3427} INFO - Setting next_dagrun for latest_only to 2022-12-07T06:50:42.210508+00:00, run_after=2022-12-07T10:50:42.210508+00:00
[2022-12-07T10:50:42.234+0000] {processor.py:175} INFO - Processing /home/airflow/.local/lib/python3.7/site-packages/airflow/example_dags/example_latest_only.py took 0.113 seconds
[2022-12-07T10:51:12.302+0000] {processor.py:153} INFO - Started process (PID=172) to work on /home/airflow/.local/lib/python3.7/site-packages/airflow/example_dags/example_latest_only.py
[2022-12-07T10:51:12.304+0000] {processor.py:743} INFO - Processing file /home/airflow/.local/lib/python3.7/site-packages/airflow/example_dags/example_latest_only.py for tasks to queue
[2022-12-07T10:51:12.305+0000] {logging_mixin.py:137} INFO - [2022-12-07T10:51:12.304+0000] {dagbag.py:538} INFO - Filling up the DagBag from /home/airflow/.local/lib/python3.7/site-packages/airflow/example_dags/example_latest_only.py
[2022-12-07T10:51:12.324+0000] {processor.py:753} INFO - DAG(s) dict_keys(['latest_only']) retrieved from /home/airflow/.local/lib/python3.7/site-packages/airflow/example_dags/example_latest_only.py
[2022-12-07T10:51:12.365+0000] {logging_mixin.py:137} INFO - [2022-12-07T10:51:12.364+0000] {dag.py:2676} INFO - Sync 1 DAGs
[2022-12-07T10:51:12.396+0000] {logging_mixin.py:137} INFO - [2022-12-07T10:51:12.396+0000] {dag.py:3427} INFO - Setting next_dagrun for latest_only to 2022-12-07T06:51:12.395907+00:00, run_after=2022-12-07T10:51:12.395907+00:00
[2022-12-07T10:51:12.422+0000] {processor.py:175} INFO - Processing /home/airflow/.local/lib/python3.7/site-packages/airflow/example_dags/example_latest_only.py took 0.123 seconds
[2022-12-07T10:51:43.298+0000] {processor.py:153} INFO - Started process (PID=247) to work on /home/airflow/.local/lib/python3.7/site-packages/airflow/example_dags/example_latest_only.py
[2022-12-07T10:51:43.298+0000] {processor.py:743} INFO - Processing file /home/airflow/.local/lib/python3.7/site-packages/airflow/example_dags/example_latest_only.py for tasks to queue
[2022-12-07T10:51:43.299+0000] {logging_mixin.py:137} INFO - [2022-12-07T10:51:43.299+0000] {dagbag.py:538} INFO - Filling up the DagBag from /home/airflow/.local/lib/python3.7/site-packages/airflow/example_dags/example_latest_only.py
[2022-12-07T10:51:43.312+0000] {processor.py:753} INFO - DAG(s) dict_keys(['latest_only']) retrieved from /home/airflow/.local/lib/python3.7/site-packages/airflow/example_dags/example_latest_only.py
[2022-12-07T10:51:43.352+0000] {logging_mixin.py:137} INFO - [2022-12-07T10:51:43.351+0000] {dag.py:2676} INFO - Sync 1 DAGs
[2022-12-07T10:51:43.386+0000] {logging_mixin.py:137} INFO - [2022-12-07T10:51:43.386+0000] {dag.py:3427} INFO - Setting next_dagrun for latest_only to 2022-12-07T06:51:43.386090+00:00, run_after=2022-12-07T10:51:43.386090+00:00
[2022-12-07T10:51:43.412+0000] {processor.py:175} INFO - Processing /home/airflow/.local/lib/python3.7/site-packages/airflow/example_dags/example_latest_only.py took 0.117 seconds
