[2022-12-07T10:50:13.753+0000] {processor.py:153} INFO - Started process (PID=60) to work on /home/airflow/.local/lib/python3.7/site-packages/airflow/example_dags/example_sla_dag.py
[2022-12-07T10:50:13.754+0000] {processor.py:743} INFO - Processing file /home/airflow/.local/lib/python3.7/site-packages/airflow/example_dags/example_sla_dag.py for tasks to queue
[2022-12-07T10:50:13.755+0000] {logging_mixin.py:137} INFO - [2022-12-07T10:50:13.755+0000] {dagbag.py:538} INFO - Filling up the DagBag from /home/airflow/.local/lib/python3.7/site-packages/airflow/example_dags/example_sla_dag.py
[2022-12-07T10:50:13.819+0000] {processor.py:753} INFO - DAG(s) dict_keys(['example_sla_dag']) retrieved from /home/airflow/.local/lib/python3.7/site-packages/airflow/example_dags/example_sla_dag.py
[2022-12-07T10:50:13.925+0000] {logging_mixin.py:137} INFO - [2022-12-07T10:50:13.924+0000] {dag.py:2676} INFO - Sync 1 DAGs
[2022-12-07T10:50:13.984+0000] {logging_mixin.py:137} INFO - [2022-12-07T10:50:13.983+0000] {dag.py:3427} INFO - Setting next_dagrun for example_sla_dag to 2022-12-07T10:48:00+00:00, run_after=2022-12-07T10:50:00+00:00
[2022-12-07T10:50:14.019+0000] {processor.py:175} INFO - Processing /home/airflow/.local/lib/python3.7/site-packages/airflow/example_dags/example_sla_dag.py took 0.269 seconds
[2022-12-07T10:50:44.337+0000] {processor.py:153} INFO - Started process (PID=122) to work on /home/airflow/.local/lib/python3.7/site-packages/airflow/example_dags/example_sla_dag.py
[2022-12-07T10:50:44.338+0000] {processor.py:743} INFO - Processing file /home/airflow/.local/lib/python3.7/site-packages/airflow/example_dags/example_sla_dag.py for tasks to queue
[2022-12-07T10:50:44.339+0000] {logging_mixin.py:137} INFO - [2022-12-07T10:50:44.338+0000] {dagbag.py:538} INFO - Filling up the DagBag from /home/airflow/.local/lib/python3.7/site-packages/airflow/example_dags/example_sla_dag.py
[2022-12-07T10:50:44.365+0000] {processor.py:753} INFO - DAG(s) dict_keys(['example_sla_dag']) retrieved from /home/airflow/.local/lib/python3.7/site-packages/airflow/example_dags/example_sla_dag.py
[2022-12-07T10:50:44.404+0000] {logging_mixin.py:137} INFO - [2022-12-07T10:50:44.404+0000] {dag.py:2676} INFO - Sync 1 DAGs
[2022-12-07T10:50:44.439+0000] {logging_mixin.py:137} INFO - [2022-12-07T10:50:44.439+0000] {dag.py:3427} INFO - Setting next_dagrun for example_sla_dag to 2022-12-07T10:48:00+00:00, run_after=2022-12-07T10:50:00+00:00
[2022-12-07T10:50:44.464+0000] {processor.py:175} INFO - Processing /home/airflow/.local/lib/python3.7/site-packages/airflow/example_dags/example_sla_dag.py took 0.130 seconds
[2022-12-07T10:51:15.661+0000] {processor.py:153} INFO - Started process (PID=198) to work on /home/airflow/.local/lib/python3.7/site-packages/airflow/example_dags/example_sla_dag.py
[2022-12-07T10:51:15.679+0000] {processor.py:743} INFO - Processing file /home/airflow/.local/lib/python3.7/site-packages/airflow/example_dags/example_sla_dag.py for tasks to queue
[2022-12-07T10:51:15.680+0000] {logging_mixin.py:137} INFO - [2022-12-07T10:51:15.680+0000] {dagbag.py:538} INFO - Filling up the DagBag from /home/airflow/.local/lib/python3.7/site-packages/airflow/example_dags/example_sla_dag.py
[2022-12-07T10:51:15.745+0000] {processor.py:753} INFO - DAG(s) dict_keys(['example_sla_dag']) retrieved from /home/airflow/.local/lib/python3.7/site-packages/airflow/example_dags/example_sla_dag.py
[2022-12-07T10:51:15.815+0000] {logging_mixin.py:137} INFO - [2022-12-07T10:51:15.815+0000] {dag.py:2676} INFO - Sync 1 DAGs
[2022-12-07T10:51:15.869+0000] {logging_mixin.py:137} INFO - [2022-12-07T10:51:15.869+0000] {dag.py:3427} INFO - Setting next_dagrun for example_sla_dag to 2022-12-07T10:48:00+00:00, run_after=2022-12-07T10:50:00+00:00
[2022-12-07T10:51:15.924+0000] {processor.py:175} INFO - Processing /home/airflow/.local/lib/python3.7/site-packages/airflow/example_dags/example_sla_dag.py took 0.266 seconds
[2022-12-07T10:51:46.379+0000] {processor.py:153} INFO - Started process (PID=261) to work on /home/airflow/.local/lib/python3.7/site-packages/airflow/example_dags/example_sla_dag.py
[2022-12-07T10:51:46.381+0000] {processor.py:743} INFO - Processing file /home/airflow/.local/lib/python3.7/site-packages/airflow/example_dags/example_sla_dag.py for tasks to queue
[2022-12-07T10:51:46.383+0000] {logging_mixin.py:137} INFO - [2022-12-07T10:51:46.383+0000] {dagbag.py:538} INFO - Filling up the DagBag from /home/airflow/.local/lib/python3.7/site-packages/airflow/example_dags/example_sla_dag.py
[2022-12-07T10:51:46.410+0000] {processor.py:753} INFO - DAG(s) dict_keys(['example_sla_dag']) retrieved from /home/airflow/.local/lib/python3.7/site-packages/airflow/example_dags/example_sla_dag.py
[2022-12-07T10:51:46.455+0000] {logging_mixin.py:137} INFO - [2022-12-07T10:51:46.455+0000] {dag.py:2676} INFO - Sync 1 DAGs
[2022-12-07T10:51:46.503+0000] {logging_mixin.py:137} INFO - [2022-12-07T10:51:46.503+0000] {dag.py:3427} INFO - Setting next_dagrun for example_sla_dag to 2022-12-07T10:48:00+00:00, run_after=2022-12-07T10:50:00+00:00
[2022-12-07T10:51:46.535+0000] {processor.py:175} INFO - Processing /home/airflow/.local/lib/python3.7/site-packages/airflow/example_dags/example_sla_dag.py took 0.159 seconds
