[2022-12-07T10:50:14.348+0000] {processor.py:153} INFO - Started process (PID=64) to work on /home/airflow/.local/lib/python3.7/site-packages/airflow/example_dags/example_skip_dag.py
[2022-12-07T10:50:14.348+0000] {processor.py:743} INFO - Processing file /home/airflow/.local/lib/python3.7/site-packages/airflow/example_dags/example_skip_dag.py for tasks to queue
[2022-12-07T10:50:14.349+0000] {logging_mixin.py:137} INFO - [2022-12-07T10:50:14.349+0000] {dagbag.py:538} INFO - Filling up the DagBag from /home/airflow/.local/lib/python3.7/site-packages/airflow/example_dags/example_skip_dag.py
[2022-12-07T10:50:14.371+0000] {processor.py:753} INFO - DAG(s) dict_keys(['example_skip_dag']) retrieved from /home/airflow/.local/lib/python3.7/site-packages/airflow/example_dags/example_skip_dag.py
[2022-12-07T10:50:14.435+0000] {logging_mixin.py:137} INFO - [2022-12-07T10:50:14.435+0000] {dag.py:2676} INFO - Sync 1 DAGs
[2022-12-07T10:50:14.480+0000] {logging_mixin.py:137} INFO - [2022-12-07T10:50:14.479+0000] {dag.py:3427} INFO - Setting next_dagrun for example_skip_dag to 2022-12-06T10:50:14.479612+00:00, run_after=2022-12-07T10:50:14.479612+00:00
[2022-12-07T10:50:14.532+0000] {processor.py:175} INFO - Processing /home/airflow/.local/lib/python3.7/site-packages/airflow/example_dags/example_skip_dag.py took 0.188 seconds
[2022-12-07T10:50:44.806+0000] {processor.py:153} INFO - Started process (PID=126) to work on /home/airflow/.local/lib/python3.7/site-packages/airflow/example_dags/example_skip_dag.py
[2022-12-07T10:50:44.808+0000] {processor.py:743} INFO - Processing file /home/airflow/.local/lib/python3.7/site-packages/airflow/example_dags/example_skip_dag.py for tasks to queue
[2022-12-07T10:50:44.809+0000] {logging_mixin.py:137} INFO - [2022-12-07T10:50:44.808+0000] {dagbag.py:538} INFO - Filling up the DagBag from /home/airflow/.local/lib/python3.7/site-packages/airflow/example_dags/example_skip_dag.py
[2022-12-07T10:50:44.823+0000] {processor.py:753} INFO - DAG(s) dict_keys(['example_skip_dag']) retrieved from /home/airflow/.local/lib/python3.7/site-packages/airflow/example_dags/example_skip_dag.py
[2022-12-07T10:50:44.865+0000] {logging_mixin.py:137} INFO - [2022-12-07T10:50:44.865+0000] {dag.py:2676} INFO - Sync 1 DAGs
[2022-12-07T10:50:44.894+0000] {logging_mixin.py:137} INFO - [2022-12-07T10:50:44.894+0000] {dag.py:3427} INFO - Setting next_dagrun for example_skip_dag to 2022-12-06T10:50:44.894204+00:00, run_after=2022-12-07T10:50:44.894204+00:00
[2022-12-07T10:50:44.921+0000] {processor.py:175} INFO - Processing /home/airflow/.local/lib/python3.7/site-packages/airflow/example_dags/example_skip_dag.py took 0.118 seconds
[2022-12-07T10:51:16.179+0000] {processor.py:153} INFO - Started process (PID=202) to work on /home/airflow/.local/lib/python3.7/site-packages/airflow/example_dags/example_skip_dag.py
[2022-12-07T10:51:16.181+0000] {processor.py:743} INFO - Processing file /home/airflow/.local/lib/python3.7/site-packages/airflow/example_dags/example_skip_dag.py for tasks to queue
[2022-12-07T10:51:16.182+0000] {logging_mixin.py:137} INFO - [2022-12-07T10:51:16.182+0000] {dagbag.py:538} INFO - Filling up the DagBag from /home/airflow/.local/lib/python3.7/site-packages/airflow/example_dags/example_skip_dag.py
[2022-12-07T10:51:16.203+0000] {processor.py:753} INFO - DAG(s) dict_keys(['example_skip_dag']) retrieved from /home/airflow/.local/lib/python3.7/site-packages/airflow/example_dags/example_skip_dag.py
[2022-12-07T10:51:16.258+0000] {logging_mixin.py:137} INFO - [2022-12-07T10:51:16.258+0000] {dag.py:2676} INFO - Sync 1 DAGs
[2022-12-07T10:51:16.303+0000] {logging_mixin.py:137} INFO - [2022-12-07T10:51:16.303+0000] {dag.py:3427} INFO - Setting next_dagrun for example_skip_dag to 2022-12-06T10:51:16.303005+00:00, run_after=2022-12-07T10:51:16.303005+00:00
[2022-12-07T10:51:16.331+0000] {processor.py:175} INFO - Processing /home/airflow/.local/lib/python3.7/site-packages/airflow/example_dags/example_skip_dag.py took 0.156 seconds
[2022-12-07T10:51:46.724+0000] {processor.py:153} INFO - Started process (PID=265) to work on /home/airflow/.local/lib/python3.7/site-packages/airflow/example_dags/example_skip_dag.py
[2022-12-07T10:51:46.724+0000] {processor.py:743} INFO - Processing file /home/airflow/.local/lib/python3.7/site-packages/airflow/example_dags/example_skip_dag.py for tasks to queue
[2022-12-07T10:51:46.725+0000] {logging_mixin.py:137} INFO - [2022-12-07T10:51:46.725+0000] {dagbag.py:538} INFO - Filling up the DagBag from /home/airflow/.local/lib/python3.7/site-packages/airflow/example_dags/example_skip_dag.py
[2022-12-07T10:51:46.739+0000] {processor.py:753} INFO - DAG(s) dict_keys(['example_skip_dag']) retrieved from /home/airflow/.local/lib/python3.7/site-packages/airflow/example_dags/example_skip_dag.py
[2022-12-07T10:51:46.781+0000] {logging_mixin.py:137} INFO - [2022-12-07T10:51:46.781+0000] {dag.py:2676} INFO - Sync 1 DAGs
[2022-12-07T10:51:46.818+0000] {logging_mixin.py:137} INFO - [2022-12-07T10:51:46.817+0000] {dag.py:3427} INFO - Setting next_dagrun for example_skip_dag to 2022-12-06T10:51:46.817678+00:00, run_after=2022-12-07T10:51:46.817678+00:00
[2022-12-07T10:51:46.848+0000] {processor.py:175} INFO - Processing /home/airflow/.local/lib/python3.7/site-packages/airflow/example_dags/example_skip_dag.py took 0.127 seconds
