[2022-12-07T10:50:11.954+0000] {processor.py:153} INFO - Started process (PID=48) to work on /home/airflow/.local/lib/python3.7/site-packages/airflow/example_dags/example_trigger_target_dag.py
[2022-12-07T10:50:11.955+0000] {processor.py:743} INFO - Processing file /home/airflow/.local/lib/python3.7/site-packages/airflow/example_dags/example_trigger_target_dag.py for tasks to queue
[2022-12-07T10:50:11.956+0000] {logging_mixin.py:137} INFO - [2022-12-07T10:50:11.956+0000] {dagbag.py:538} INFO - Filling up the DagBag from /home/airflow/.local/lib/python3.7/site-packages/airflow/example_dags/example_trigger_target_dag.py
[2022-12-07T10:50:12.025+0000] {processor.py:753} INFO - DAG(s) dict_keys(['example_trigger_target_dag']) retrieved from /home/airflow/.local/lib/python3.7/site-packages/airflow/example_dags/example_trigger_target_dag.py
[2022-12-07T10:50:12.121+0000] {logging_mixin.py:137} INFO - [2022-12-07T10:50:12.121+0000] {dag.py:2676} INFO - Sync 1 DAGs
[2022-12-07T10:50:12.192+0000] {logging_mixin.py:137} INFO - [2022-12-07T10:50:12.191+0000] {dag.py:3427} INFO - Setting next_dagrun for example_trigger_target_dag to None, run_after=None
[2022-12-07T10:50:12.251+0000] {processor.py:175} INFO - Processing /home/airflow/.local/lib/python3.7/site-packages/airflow/example_dags/example_trigger_target_dag.py took 0.318 seconds
[2022-12-07T10:50:42.388+0000] {processor.py:153} INFO - Started process (PID=110) to work on /home/airflow/.local/lib/python3.7/site-packages/airflow/example_dags/example_trigger_target_dag.py
[2022-12-07T10:50:42.389+0000] {processor.py:743} INFO - Processing file /home/airflow/.local/lib/python3.7/site-packages/airflow/example_dags/example_trigger_target_dag.py for tasks to queue
[2022-12-07T10:50:42.389+0000] {logging_mixin.py:137} INFO - [2022-12-07T10:50:42.389+0000] {dagbag.py:538} INFO - Filling up the DagBag from /home/airflow/.local/lib/python3.7/site-packages/airflow/example_dags/example_trigger_target_dag.py
[2022-12-07T10:50:42.414+0000] {processor.py:753} INFO - DAG(s) dict_keys(['example_trigger_target_dag']) retrieved from /home/airflow/.local/lib/python3.7/site-packages/airflow/example_dags/example_trigger_target_dag.py
[2022-12-07T10:50:42.453+0000] {logging_mixin.py:137} INFO - [2022-12-07T10:50:42.452+0000] {dag.py:2676} INFO - Sync 1 DAGs
[2022-12-07T10:50:42.486+0000] {logging_mixin.py:137} INFO - [2022-12-07T10:50:42.485+0000] {dag.py:3427} INFO - Setting next_dagrun for example_trigger_target_dag to None, run_after=None
[2022-12-07T10:50:42.509+0000] {processor.py:175} INFO - Processing /home/airflow/.local/lib/python3.7/site-packages/airflow/example_dags/example_trigger_target_dag.py took 0.124 seconds
[2022-12-07T10:51:12.593+0000] {processor.py:153} INFO - Started process (PID=174) to work on /home/airflow/.local/lib/python3.7/site-packages/airflow/example_dags/example_trigger_target_dag.py
[2022-12-07T10:51:12.600+0000] {processor.py:743} INFO - Processing file /home/airflow/.local/lib/python3.7/site-packages/airflow/example_dags/example_trigger_target_dag.py for tasks to queue
[2022-12-07T10:51:12.601+0000] {logging_mixin.py:137} INFO - [2022-12-07T10:51:12.601+0000] {dagbag.py:538} INFO - Filling up the DagBag from /home/airflow/.local/lib/python3.7/site-packages/airflow/example_dags/example_trigger_target_dag.py
[2022-12-07T10:51:12.627+0000] {processor.py:753} INFO - DAG(s) dict_keys(['example_trigger_target_dag']) retrieved from /home/airflow/.local/lib/python3.7/site-packages/airflow/example_dags/example_trigger_target_dag.py
[2022-12-07T10:51:12.689+0000] {logging_mixin.py:137} INFO - [2022-12-07T10:51:12.689+0000] {dag.py:2676} INFO - Sync 1 DAGs
[2022-12-07T10:51:12.731+0000] {logging_mixin.py:137} INFO - [2022-12-07T10:51:12.731+0000] {dag.py:3427} INFO - Setting next_dagrun for example_trigger_target_dag to None, run_after=None
[2022-12-07T10:51:12.761+0000] {processor.py:175} INFO - Processing /home/airflow/.local/lib/python3.7/site-packages/airflow/example_dags/example_trigger_target_dag.py took 0.172 seconds
[2022-12-07T10:51:43.439+0000] {processor.py:153} INFO - Started process (PID=249) to work on /home/airflow/.local/lib/python3.7/site-packages/airflow/example_dags/example_trigger_target_dag.py
[2022-12-07T10:51:43.440+0000] {processor.py:743} INFO - Processing file /home/airflow/.local/lib/python3.7/site-packages/airflow/example_dags/example_trigger_target_dag.py for tasks to queue
[2022-12-07T10:51:43.440+0000] {logging_mixin.py:137} INFO - [2022-12-07T10:51:43.440+0000] {dagbag.py:538} INFO - Filling up the DagBag from /home/airflow/.local/lib/python3.7/site-packages/airflow/example_dags/example_trigger_target_dag.py
[2022-12-07T10:51:43.464+0000] {processor.py:753} INFO - DAG(s) dict_keys(['example_trigger_target_dag']) retrieved from /home/airflow/.local/lib/python3.7/site-packages/airflow/example_dags/example_trigger_target_dag.py
[2022-12-07T10:51:43.506+0000] {logging_mixin.py:137} INFO - [2022-12-07T10:51:43.505+0000] {dag.py:2676} INFO - Sync 1 DAGs
[2022-12-07T10:51:43.544+0000] {logging_mixin.py:137} INFO - [2022-12-07T10:51:43.544+0000] {dag.py:3427} INFO - Setting next_dagrun for example_trigger_target_dag to None, run_after=None
[2022-12-07T10:51:43.576+0000] {processor.py:175} INFO - Processing /home/airflow/.local/lib/python3.7/site-packages/airflow/example_dags/example_trigger_target_dag.py took 0.140 seconds
