[2022-12-07T10:50:12.284+0000] {processor.py:153} INFO - Started process (PID=50) to work on /home/airflow/.local/lib/python3.7/site-packages/airflow/example_dags/example_python_operator.py
[2022-12-07T10:50:12.285+0000] {processor.py:743} INFO - Processing file /home/airflow/.local/lib/python3.7/site-packages/airflow/example_dags/example_python_operator.py for tasks to queue
[2022-12-07T10:50:12.286+0000] {logging_mixin.py:137} INFO - [2022-12-07T10:50:12.286+0000] {dagbag.py:538} INFO - Filling up the DagBag from /home/airflow/.local/lib/python3.7/site-packages/airflow/example_dags/example_python_operator.py
[2022-12-07T10:50:12.315+0000] {logging_mixin.py:137} INFO - [2022-12-07T10:50:12.314+0000] {taskmixin.py:205} WARNING - Dependency <Task(_PythonDecoratedOperator): print_the_context>, log_sql_query already registered for DAG: example_python_operator
[2022-12-07T10:50:12.315+0000] {logging_mixin.py:137} INFO - [2022-12-07T10:50:12.315+0000] {taskmixin.py:205} WARNING - Dependency <Task(_PythonDecoratedOperator): log_sql_query>, print_the_context already registered for DAG: example_python_operator
[2022-12-07T10:50:12.316+0000] {logging_mixin.py:137} INFO - [2022-12-07T10:50:12.316+0000] {taskmixin.py:205} WARNING - Dependency <Task(_PythonDecoratedOperator): print_the_context>, log_sql_query already registered for DAG: example_python_operator
[2022-12-07T10:50:12.316+0000] {logging_mixin.py:137} INFO - [2022-12-07T10:50:12.316+0000] {taskmixin.py:205} WARNING - Dependency <Task(_PythonDecoratedOperator): log_sql_query>, print_the_context already registered for DAG: example_python_operator
[2022-12-07T10:50:12.317+0000] {logging_mixin.py:137} INFO - [2022-12-07T10:50:12.317+0000] {taskmixin.py:205} WARNING - Dependency <Task(_PythonDecoratedOperator): print_the_context>, log_sql_query already registered for DAG: example_python_operator
[2022-12-07T10:50:12.317+0000] {logging_mixin.py:137} INFO - [2022-12-07T10:50:12.317+0000] {taskmixin.py:205} WARNING - Dependency <Task(_PythonDecoratedOperator): log_sql_query>, print_the_context already registered for DAG: example_python_operator
[2022-12-07T10:50:12.319+0000] {logging_mixin.py:137} INFO - [2022-12-07T10:50:12.318+0000] {taskmixin.py:205} WARNING - Dependency <Task(_PythonDecoratedOperator): print_the_context>, log_sql_query already registered for DAG: example_python_operator
[2022-12-07T10:50:12.319+0000] {logging_mixin.py:137} INFO - [2022-12-07T10:50:12.319+0000] {taskmixin.py:205} WARNING - Dependency <Task(_PythonDecoratedOperator): log_sql_query>, print_the_context already registered for DAG: example_python_operator
[2022-12-07T10:50:12.330+0000] {processor.py:753} INFO - DAG(s) dict_keys(['example_python_operator']) retrieved from /home/airflow/.local/lib/python3.7/site-packages/airflow/example_dags/example_python_operator.py
[2022-12-07T10:50:12.466+0000] {logging_mixin.py:137} INFO - [2022-12-07T10:50:12.466+0000] {dag.py:2676} INFO - Sync 1 DAGs
[2022-12-07T10:50:12.513+0000] {logging_mixin.py:137} INFO - [2022-12-07T10:50:12.512+0000] {dag.py:3427} INFO - Setting next_dagrun for example_python_operator to None, run_after=None
[2022-12-07T10:50:12.550+0000] {processor.py:175} INFO - Processing /home/airflow/.local/lib/python3.7/site-packages/airflow/example_dags/example_python_operator.py took 0.269 seconds
[2022-12-07T10:50:43.539+0000] {processor.py:153} INFO - Started process (PID=112) to work on /home/airflow/.local/lib/python3.7/site-packages/airflow/example_dags/example_python_operator.py
[2022-12-07T10:50:43.539+0000] {processor.py:743} INFO - Processing file /home/airflow/.local/lib/python3.7/site-packages/airflow/example_dags/example_python_operator.py for tasks to queue
[2022-12-07T10:50:43.540+0000] {logging_mixin.py:137} INFO - [2022-12-07T10:50:43.540+0000] {dagbag.py:538} INFO - Filling up the DagBag from /home/airflow/.local/lib/python3.7/site-packages/airflow/example_dags/example_python_operator.py
[2022-12-07T10:50:43.559+0000] {logging_mixin.py:137} INFO - [2022-12-07T10:50:43.559+0000] {taskmixin.py:205} WARNING - Dependency <Task(_PythonDecoratedOperator): print_the_context>, log_sql_query already registered for DAG: example_python_operator
[2022-12-07T10:50:43.560+0000] {logging_mixin.py:137} INFO - [2022-12-07T10:50:43.559+0000] {taskmixin.py:205} WARNING - Dependency <Task(_PythonDecoratedOperator): log_sql_query>, print_the_context already registered for DAG: example_python_operator
[2022-12-07T10:50:43.560+0000] {logging_mixin.py:137} INFO - [2022-12-07T10:50:43.560+0000] {taskmixin.py:205} WARNING - Dependency <Task(_PythonDecoratedOperator): print_the_context>, log_sql_query already registered for DAG: example_python_operator
[2022-12-07T10:50:43.560+0000] {logging_mixin.py:137} INFO - [2022-12-07T10:50:43.560+0000] {taskmixin.py:205} WARNING - Dependency <Task(_PythonDecoratedOperator): log_sql_query>, print_the_context already registered for DAG: example_python_operator
[2022-12-07T10:50:43.561+0000] {logging_mixin.py:137} INFO - [2022-12-07T10:50:43.561+0000] {taskmixin.py:205} WARNING - Dependency <Task(_PythonDecoratedOperator): print_the_context>, log_sql_query already registered for DAG: example_python_operator
[2022-12-07T10:50:43.561+0000] {logging_mixin.py:137} INFO - [2022-12-07T10:50:43.561+0000] {taskmixin.py:205} WARNING - Dependency <Task(_PythonDecoratedOperator): log_sql_query>, print_the_context already registered for DAG: example_python_operator
[2022-12-07T10:50:43.562+0000] {logging_mixin.py:137} INFO - [2022-12-07T10:50:43.562+0000] {taskmixin.py:205} WARNING - Dependency <Task(_PythonDecoratedOperator): print_the_context>, log_sql_query already registered for DAG: example_python_operator
[2022-12-07T10:50:43.562+0000] {logging_mixin.py:137} INFO - [2022-12-07T10:50:43.562+0000] {taskmixin.py:205} WARNING - Dependency <Task(_PythonDecoratedOperator): log_sql_query>, print_the_context already registered for DAG: example_python_operator
[2022-12-07T10:50:43.571+0000] {processor.py:753} INFO - DAG(s) dict_keys(['example_python_operator']) retrieved from /home/airflow/.local/lib/python3.7/site-packages/airflow/example_dags/example_python_operator.py
[2022-12-07T10:50:43.616+0000] {logging_mixin.py:137} INFO - [2022-12-07T10:50:43.615+0000] {dag.py:2676} INFO - Sync 1 DAGs
[2022-12-07T10:50:43.645+0000] {logging_mixin.py:137} INFO - [2022-12-07T10:50:43.645+0000] {dag.py:3427} INFO - Setting next_dagrun for example_python_operator to None, run_after=None
[2022-12-07T10:50:43.667+0000] {processor.py:175} INFO - Processing /home/airflow/.local/lib/python3.7/site-packages/airflow/example_dags/example_python_operator.py took 0.132 seconds
[2022-12-07T10:51:13.802+0000] {processor.py:153} INFO - Started process (PID=183) to work on /home/airflow/.local/lib/python3.7/site-packages/airflow/example_dags/example_python_operator.py
[2022-12-07T10:51:13.816+0000] {processor.py:743} INFO - Processing file /home/airflow/.local/lib/python3.7/site-packages/airflow/example_dags/example_python_operator.py for tasks to queue
[2022-12-07T10:51:13.817+0000] {logging_mixin.py:137} INFO - [2022-12-07T10:51:13.817+0000] {dagbag.py:538} INFO - Filling up the DagBag from /home/airflow/.local/lib/python3.7/site-packages/airflow/example_dags/example_python_operator.py
[2022-12-07T10:51:13.855+0000] {logging_mixin.py:137} INFO - [2022-12-07T10:51:13.854+0000] {taskmixin.py:205} WARNING - Dependency <Task(_PythonDecoratedOperator): print_the_context>, log_sql_query already registered for DAG: example_python_operator
[2022-12-07T10:51:13.855+0000] {logging_mixin.py:137} INFO - [2022-12-07T10:51:13.855+0000] {taskmixin.py:205} WARNING - Dependency <Task(_PythonDecoratedOperator): log_sql_query>, print_the_context already registered for DAG: example_python_operator
[2022-12-07T10:51:13.856+0000] {logging_mixin.py:137} INFO - [2022-12-07T10:51:13.856+0000] {taskmixin.py:205} WARNING - Dependency <Task(_PythonDecoratedOperator): print_the_context>, log_sql_query already registered for DAG: example_python_operator
[2022-12-07T10:51:13.856+0000] {logging_mixin.py:137} INFO - [2022-12-07T10:51:13.856+0000] {taskmixin.py:205} WARNING - Dependency <Task(_PythonDecoratedOperator): log_sql_query>, print_the_context already registered for DAG: example_python_operator
[2022-12-07T10:51:13.858+0000] {logging_mixin.py:137} INFO - [2022-12-07T10:51:13.857+0000] {taskmixin.py:205} WARNING - Dependency <Task(_PythonDecoratedOperator): print_the_context>, log_sql_query already registered for DAG: example_python_operator
[2022-12-07T10:51:13.858+0000] {logging_mixin.py:137} INFO - [2022-12-07T10:51:13.858+0000] {taskmixin.py:205} WARNING - Dependency <Task(_PythonDecoratedOperator): log_sql_query>, print_the_context already registered for DAG: example_python_operator
[2022-12-07T10:51:13.859+0000] {logging_mixin.py:137} INFO - [2022-12-07T10:51:13.859+0000] {taskmixin.py:205} WARNING - Dependency <Task(_PythonDecoratedOperator): print_the_context>, log_sql_query already registered for DAG: example_python_operator
[2022-12-07T10:51:13.859+0000] {logging_mixin.py:137} INFO - [2022-12-07T10:51:13.859+0000] {taskmixin.py:205} WARNING - Dependency <Task(_PythonDecoratedOperator): log_sql_query>, print_the_context already registered for DAG: example_python_operator
[2022-12-07T10:51:13.871+0000] {processor.py:753} INFO - DAG(s) dict_keys(['example_python_operator']) retrieved from /home/airflow/.local/lib/python3.7/site-packages/airflow/example_dags/example_python_operator.py
[2022-12-07T10:51:13.929+0000] {logging_mixin.py:137} INFO - [2022-12-07T10:51:13.929+0000] {dag.py:2676} INFO - Sync 1 DAGs
[2022-12-07T10:51:13.975+0000] {logging_mixin.py:137} INFO - [2022-12-07T10:51:13.975+0000] {dag.py:3427} INFO - Setting next_dagrun for example_python_operator to None, run_after=None
[2022-12-07T10:51:14.023+0000] {processor.py:175} INFO - Processing /home/airflow/.local/lib/python3.7/site-packages/airflow/example_dags/example_python_operator.py took 0.225 seconds
[2022-12-07T10:51:44.611+0000] {processor.py:153} INFO - Started process (PID=251) to work on /home/airflow/.local/lib/python3.7/site-packages/airflow/example_dags/example_python_operator.py
[2022-12-07T10:51:44.612+0000] {processor.py:743} INFO - Processing file /home/airflow/.local/lib/python3.7/site-packages/airflow/example_dags/example_python_operator.py for tasks to queue
[2022-12-07T10:51:44.612+0000] {logging_mixin.py:137} INFO - [2022-12-07T10:51:44.612+0000] {dagbag.py:538} INFO - Filling up the DagBag from /home/airflow/.local/lib/python3.7/site-packages/airflow/example_dags/example_python_operator.py
[2022-12-07T10:51:44.633+0000] {logging_mixin.py:137} INFO - [2022-12-07T10:51:44.633+0000] {taskmixin.py:205} WARNING - Dependency <Task(_PythonDecoratedOperator): print_the_context>, log_sql_query already registered for DAG: example_python_operator
[2022-12-07T10:51:44.633+0000] {logging_mixin.py:137} INFO - [2022-12-07T10:51:44.633+0000] {taskmixin.py:205} WARNING - Dependency <Task(_PythonDecoratedOperator): log_sql_query>, print_the_context already registered for DAG: example_python_operator
[2022-12-07T10:51:44.634+0000] {logging_mixin.py:137} INFO - [2022-12-07T10:51:44.634+0000] {taskmixin.py:205} WARNING - Dependency <Task(_PythonDecoratedOperator): print_the_context>, log_sql_query already registered for DAG: example_python_operator
[2022-12-07T10:51:44.634+0000] {logging_mixin.py:137} INFO - [2022-12-07T10:51:44.634+0000] {taskmixin.py:205} WARNING - Dependency <Task(_PythonDecoratedOperator): log_sql_query>, print_the_context already registered for DAG: example_python_operator
[2022-12-07T10:51:44.635+0000] {logging_mixin.py:137} INFO - [2022-12-07T10:51:44.635+0000] {taskmixin.py:205} WARNING - Dependency <Task(_PythonDecoratedOperator): print_the_context>, log_sql_query already registered for DAG: example_python_operator
[2022-12-07T10:51:44.635+0000] {logging_mixin.py:137} INFO - [2022-12-07T10:51:44.635+0000] {taskmixin.py:205} WARNING - Dependency <Task(_PythonDecoratedOperator): log_sql_query>, print_the_context already registered for DAG: example_python_operator
[2022-12-07T10:51:44.636+0000] {logging_mixin.py:137} INFO - [2022-12-07T10:51:44.636+0000] {taskmixin.py:205} WARNING - Dependency <Task(_PythonDecoratedOperator): print_the_context>, log_sql_query already registered for DAG: example_python_operator
[2022-12-07T10:51:44.636+0000] {logging_mixin.py:137} INFO - [2022-12-07T10:51:44.636+0000] {taskmixin.py:205} WARNING - Dependency <Task(_PythonDecoratedOperator): log_sql_query>, print_the_context already registered for DAG: example_python_operator
[2022-12-07T10:51:44.644+0000] {processor.py:753} INFO - DAG(s) dict_keys(['example_python_operator']) retrieved from /home/airflow/.local/lib/python3.7/site-packages/airflow/example_dags/example_python_operator.py
[2022-12-07T10:51:44.691+0000] {logging_mixin.py:137} INFO - [2022-12-07T10:51:44.690+0000] {dag.py:2676} INFO - Sync 1 DAGs
[2022-12-07T10:51:44.730+0000] {logging_mixin.py:137} INFO - [2022-12-07T10:51:44.729+0000] {dag.py:3427} INFO - Setting next_dagrun for example_python_operator to None, run_after=None
[2022-12-07T10:51:44.755+0000] {processor.py:175} INFO - Processing /home/airflow/.local/lib/python3.7/site-packages/airflow/example_dags/example_python_operator.py took 0.147 seconds
