[2022-12-07T10:50:16.110+0000] {processor.py:153} INFO - Started process (PID=76) to work on /home/airflow/.local/lib/python3.7/site-packages/airflow/example_dags/example_branch_operator.py
[2022-12-07T10:50:16.111+0000] {processor.py:743} INFO - Processing file /home/airflow/.local/lib/python3.7/site-packages/airflow/example_dags/example_branch_operator.py for tasks to queue
[2022-12-07T10:50:16.112+0000] {logging_mixin.py:137} INFO - [2022-12-07T10:50:16.111+0000] {dagbag.py:538} INFO - Filling up the DagBag from /home/airflow/.local/lib/python3.7/site-packages/airflow/example_dags/example_branch_operator.py
[2022-12-07T10:50:16.138+0000] {processor.py:753} INFO - DAG(s) dict_keys(['example_branch_operator']) retrieved from /home/airflow/.local/lib/python3.7/site-packages/airflow/example_dags/example_branch_operator.py
[2022-12-07T10:50:16.234+0000] {logging_mixin.py:137} INFO - [2022-12-07T10:50:16.233+0000] {dag.py:2676} INFO - Sync 1 DAGs
[2022-12-07T10:50:16.289+0000] {logging_mixin.py:137} INFO - [2022-12-07T10:50:16.289+0000] {dag.py:3427} INFO - Setting next_dagrun for example_branch_operator to 2022-12-06T00:00:00+00:00, run_after=2022-12-07T00:00:00+00:00
[2022-12-07T10:50:16.323+0000] {processor.py:175} INFO - Processing /home/airflow/.local/lib/python3.7/site-packages/airflow/example_dags/example_branch_operator.py took 0.217 seconds
[2022-12-07T10:50:47.121+0000] {processor.py:153} INFO - Started process (PID=148) to work on /home/airflow/.local/lib/python3.7/site-packages/airflow/example_dags/example_branch_operator.py
[2022-12-07T10:50:47.122+0000] {processor.py:743} INFO - Processing file /home/airflow/.local/lib/python3.7/site-packages/airflow/example_dags/example_branch_operator.py for tasks to queue
[2022-12-07T10:50:47.123+0000] {logging_mixin.py:137} INFO - [2022-12-07T10:50:47.123+0000] {dagbag.py:538} INFO - Filling up the DagBag from /home/airflow/.local/lib/python3.7/site-packages/airflow/example_dags/example_branch_operator.py
[2022-12-07T10:50:47.149+0000] {processor.py:753} INFO - DAG(s) dict_keys(['example_branch_operator']) retrieved from /home/airflow/.local/lib/python3.7/site-packages/airflow/example_dags/example_branch_operator.py
[2022-12-07T10:50:47.204+0000] {logging_mixin.py:137} INFO - [2022-12-07T10:50:47.203+0000] {dag.py:2676} INFO - Sync 1 DAGs
[2022-12-07T10:50:47.277+0000] {logging_mixin.py:137} INFO - [2022-12-07T10:50:47.277+0000] {dag.py:3427} INFO - Setting next_dagrun for example_branch_operator to 2022-12-06T00:00:00+00:00, run_after=2022-12-07T00:00:00+00:00
[2022-12-07T10:50:47.342+0000] {processor.py:175} INFO - Processing /home/airflow/.local/lib/python3.7/site-packages/airflow/example_dags/example_branch_operator.py took 0.225 seconds
[2022-12-07T10:51:17.596+0000] {processor.py:153} INFO - Started process (PID=214) to work on /home/airflow/.local/lib/python3.7/site-packages/airflow/example_dags/example_branch_operator.py
[2022-12-07T10:51:17.598+0000] {processor.py:743} INFO - Processing file /home/airflow/.local/lib/python3.7/site-packages/airflow/example_dags/example_branch_operator.py for tasks to queue
[2022-12-07T10:51:17.599+0000] {logging_mixin.py:137} INFO - [2022-12-07T10:51:17.599+0000] {dagbag.py:538} INFO - Filling up the DagBag from /home/airflow/.local/lib/python3.7/site-packages/airflow/example_dags/example_branch_operator.py
[2022-12-07T10:51:17.619+0000] {processor.py:753} INFO - DAG(s) dict_keys(['example_branch_operator']) retrieved from /home/airflow/.local/lib/python3.7/site-packages/airflow/example_dags/example_branch_operator.py
[2022-12-07T10:51:17.665+0000] {logging_mixin.py:137} INFO - [2022-12-07T10:51:17.665+0000] {dag.py:2676} INFO - Sync 1 DAGs
[2022-12-07T10:51:17.699+0000] {logging_mixin.py:137} INFO - [2022-12-07T10:51:17.698+0000] {dag.py:3427} INFO - Setting next_dagrun for example_branch_operator to 2022-12-06T00:00:00+00:00, run_after=2022-12-07T00:00:00+00:00
[2022-12-07T10:51:17.722+0000] {processor.py:175} INFO - Processing /home/airflow/.local/lib/python3.7/site-packages/airflow/example_dags/example_branch_operator.py took 0.130 seconds
[2022-12-07T10:51:47.849+0000] {processor.py:153} INFO - Started process (PID=277) to work on /home/airflow/.local/lib/python3.7/site-packages/airflow/example_dags/example_branch_operator.py
[2022-12-07T10:51:47.850+0000] {processor.py:743} INFO - Processing file /home/airflow/.local/lib/python3.7/site-packages/airflow/example_dags/example_branch_operator.py for tasks to queue
[2022-12-07T10:51:47.851+0000] {logging_mixin.py:137} INFO - [2022-12-07T10:51:47.851+0000] {dagbag.py:538} INFO - Filling up the DagBag from /home/airflow/.local/lib/python3.7/site-packages/airflow/example_dags/example_branch_operator.py
[2022-12-07T10:51:47.871+0000] {processor.py:753} INFO - DAG(s) dict_keys(['example_branch_operator']) retrieved from /home/airflow/.local/lib/python3.7/site-packages/airflow/example_dags/example_branch_operator.py
[2022-12-07T10:51:47.915+0000] {logging_mixin.py:137} INFO - [2022-12-07T10:51:47.915+0000] {dag.py:2676} INFO - Sync 1 DAGs
[2022-12-07T10:51:47.946+0000] {logging_mixin.py:137} INFO - [2022-12-07T10:51:47.945+0000] {dag.py:3427} INFO - Setting next_dagrun for example_branch_operator to 2022-12-06T00:00:00+00:00, run_after=2022-12-07T00:00:00+00:00
[2022-12-07T10:51:47.974+0000] {processor.py:175} INFO - Processing /home/airflow/.local/lib/python3.7/site-packages/airflow/example_dags/example_branch_operator.py took 0.127 seconds
