[2022-12-08T04:54:02.936+0000] {taskinstance.py:1087} INFO - Dependencies all met for <TaskInstance: streamify_dag.wait_in_scanner_line_create_external_table manual__2022-12-08T04:54:00.663893+00:00 [queued]>
[2022-12-08T04:54:02.949+0000] {taskinstance.py:1087} INFO - Dependencies all met for <TaskInstance: streamify_dag.wait_in_scanner_line_create_external_table manual__2022-12-08T04:54:00.663893+00:00 [queued]>
[2022-12-08T04:54:02.950+0000] {taskinstance.py:1283} INFO - 
--------------------------------------------------------------------------------
[2022-12-08T04:54:02.950+0000] {taskinstance.py:1284} INFO - Starting attempt 1 of 1
[2022-12-08T04:54:02.950+0000] {taskinstance.py:1285} INFO - 
--------------------------------------------------------------------------------
[2022-12-08T04:54:02.971+0000] {taskinstance.py:1304} INFO - Executing <Task(BigQueryCreateExternalTableOperator): wait_in_scanner_line_create_external_table> on 2022-12-08 04:54:00.663893+00:00
[2022-12-08T04:54:02.983+0000] {standard_task_runner.py:55} INFO - Started process 3435 to run task
[2022-12-08T04:54:02.991+0000] {standard_task_runner.py:82} INFO - Running: ['***', 'tasks', 'run', 'streamify_dag', 'wait_in_scanner_line_create_external_table', 'manual__2022-12-08T04:54:00.663893+00:00', '--job-id', '19', '--raw', '--subdir', 'DAGS_FOLDER/ticketsim.py', '--cfg-path', '/tmp/tmp5h_bbl19']
[2022-12-08T04:54:02.994+0000] {standard_task_runner.py:83} INFO - Job 19: Subtask wait_in_scanner_line_create_external_table
[2022-12-08T04:54:03.107+0000] {task_command.py:389} INFO - Running <TaskInstance: streamify_dag.wait_in_scanner_line_create_external_table manual__2022-12-08T04:54:00.663893+00:00 [running]> on host 91631708998d
[2022-12-08T04:54:03.237+0000] {taskinstance.py:1513} INFO - Exporting the following env vars:
AIRFLOW_CTX_DAG_OWNER=***
AIRFLOW_CTX_DAG_ID=streamify_dag
AIRFLOW_CTX_TASK_ID=wait_in_scanner_line_create_external_table
AIRFLOW_CTX_EXECUTION_DATE=2022-12-08T04:54:00.663893+00:00
AIRFLOW_CTX_TRY_NUMBER=1
AIRFLOW_CTX_DAG_RUN_ID=manual__2022-12-08T04:54:00.663893+00:00
[2022-12-08T04:54:03.241+0000] {crypto.py:83} WARNING - empty cryptography key - values will not be stored encrypted.
[2022-12-08T04:54:03.242+0000] {base.py:73} INFO - Using connection ID 'google_cloud_default' for task execution.
[2022-12-08T04:54:03.729+0000] {taskinstance.py:1327} INFO - Marking task as SUCCESS. dag_id=streamify_dag, task_id=wait_in_scanner_line_create_external_table, execution_date=20221208T045400, start_date=20221208T045402, end_date=20221208T045403
[2022-12-08T04:54:03.768+0000] {local_task_job.py:159} INFO - Task exited with return code 0
[2022-12-08T04:54:03.810+0000] {taskinstance.py:2582} INFO - 0 downstream tasks scheduled from follow-on schedule check
